ERROR - 2023-10-18 05:00:24 --> Unknown column 'status' in 'field list'
ERROR - 2023-10-18 05:00:26 --> Unknown column 'status' in 'field list'
ERROR - 2023-10-18 05:00:27 --> Unknown column 'status' in 'field list'
ERROR - 2023-10-18 05:00:28 --> Unknown column 'status' in 'field list'
ERROR - 2023-10-18 05:00:30 --> Unknown column 'status' in 'field list'
ERROR - 2023-10-18 05:01:52 --> Unknown column 'bayar' in 'where clause'
CRITICAL - 2023-10-18 21:08:21 --> Invalid file: terima_jadwal.php
#0 C:\xampp\htdocs\parttime\system\View\View.php(198): CodeIgniter\Exceptions\FrameworkException::forInvalidFile('terima_jadwal.p...')
#1 C:\xampp\htdocs\parttime\system\Common.php(1089): CodeIgniter\View\View->render('terima_jadwal', Array, true)
#2 C:\xampp\htdocs\parttime\app\Controllers\Home.php(124): view('terima_jadwal')
#3 C:\xampp\htdocs\parttime\system\CodeIgniter.php(832): App\Controllers\Home->terima_jadwal('8')
#4 C:\xampp\htdocs\parttime\system\CodeIgniter.php(419): CodeIgniter\CodeIgniter->runController(Object(App\Controllers\Home))
#5 C:\xampp\htdocs\parttime\system\CodeIgniter.php(326): CodeIgniter\CodeIgniter->handleRequest(NULL, Object(Config\Cache), false)
#6 C:\xampp\htdocs\parttime\public\index.php(37): CodeIgniter\CodeIgniter->run()
#7 C:\xampp\htdocs\parttime\system\Commands\Server\rewrite.php(43): require_once('C:\\xampp\\htdocs...')
#8 {main}
CRITICAL - 2023-10-18 21:24:37 --> Invalid file: terima_jadwal.php
#0 C:\xampp\htdocs\parttime\system\View\View.php(198): CodeIgniter\Exceptions\FrameworkException::forInvalidFile('terima_jadwal.p...')
#1 C:\xampp\htdocs\parttime\system\Common.php(1089): CodeIgniter\View\View->render('terima_jadwal', Array, true)
#2 C:\xampp\htdocs\parttime\app\Controllers\Home.php(124): view('terima_jadwal')
#3 C:\xampp\htdocs\parttime\system\CodeIgniter.php(832): App\Controllers\Home->terima_jadwal('8')
#4 C:\xampp\htdocs\parttime\system\CodeIgniter.php(419): CodeIgniter\CodeIgniter->runController(Object(App\Controllers\Home))
#5 C:\xampp\htdocs\parttime\system\CodeIgniter.php(326): CodeIgniter\CodeIgniter->handleRequest(NULL, Object(Config\Cache), false)
#6 C:\xampp\htdocs\parttime\public\index.php(37): CodeIgniter\CodeIgniter->run()
#7 C:\xampp\htdocs\parttime\system\Commands\Server\rewrite.php(43): require_once('C:\\xampp\\htdocs...')
#8 {main}
CRITICAL - 2023-10-18 21:24:57 --> Invalid file: terima_jadwal.php
#0 C:\xampp\htdocs\parttime\system\View\View.php(198): CodeIgniter\Exceptions\FrameworkException::forInvalidFile('terima_jadwal.p...')
#1 C:\xampp\htdocs\parttime\system\Common.php(1089): CodeIgniter\View\View->render('terima_jadwal', Array, true)
#2 C:\xampp\htdocs\parttime\app\Controllers\Home.php(124): view('terima_jadwal')
#3 C:\xampp\htdocs\parttime\system\CodeIgniter.php(832): App\Controllers\Home->terima_jadwal('8')
#4 C:\xampp\htdocs\parttime\system\CodeIgniter.php(419): CodeIgniter\CodeIgniter->runController(Object(App\Controllers\Home))
#5 C:\xampp\htdocs\parttime\system\CodeIgniter.php(326): CodeIgniter\CodeIgniter->handleRequest(NULL, Object(Config\Cache), false)
#6 C:\xampp\htdocs\parttime\public\index.php(37): CodeIgniter\CodeIgniter->run()
#7 C:\xampp\htdocs\parttime\system\Commands\Server\rewrite.php(43): require_once('C:\\xampp\\htdocs...')
#8 {main}
ERROR - 2023-10-18 21:39:19 --> Unknown column 'bayar.id_user' in 'on clause'
CRITICAL - 2023-10-18 21:39:19 --> Call to a member function getResult() on bool
#0 C:\xampp\htdocs\parttime\app\Controllers\Home.php(271): App\Models\M_model->join2('bayar', 'user', 'bayar.id_user=u...')
#1 C:\xampp\htdocs\parttime\system\CodeIgniter.php(832): App\Controllers\Home->bayar()
#2 C:\xampp\htdocs\parttime\system\CodeIgniter.php(419): CodeIgniter\CodeIgniter->runController(Object(App\Controllers\Home))
#3 C:\xampp\htdocs\parttime\system\CodeIgniter.php(326): CodeIgniter\CodeIgniter->handleRequest(NULL, Object(Config\Cache), false)
#4 C:\xampp\htdocs\parttime\public\index.php(37): CodeIgniter\CodeIgniter->run()
#5 C:\xampp\htdocs\parttime\system\Commands\Server\rewrite.php(43): require_once('C:\\xampp\\htdocs...')
#6 {main}
ERROR - 2023-10-18 21:39:24 --> Unknown column 'bayar.id_user' in 'on clause'
CRITICAL - 2023-10-18 21:39:24 --> Call to a member function getResult() on bool
#0 C:\xampp\htdocs\parttime\app\Controllers\Home.php(271): App\Models\M_model->join2('bayar', 'user', 'bayar.id_user=u...')
#1 C:\xampp\htdocs\parttime\system\CodeIgniter.php(832): App\Controllers\Home->bayar()
#2 C:\xampp\htdocs\parttime\system\CodeIgniter.php(419): CodeIgniter\CodeIgniter->runController(Object(App\Controllers\Home))
#3 C:\xampp\htdocs\parttime\system\CodeIgniter.php(326): CodeIgniter\CodeIgniter->handleRequest(NULL, Object(Config\Cache), false)
#4 C:\xampp\htdocs\parttime\public\index.php(37): CodeIgniter\CodeIgniter->run()
#5 C:\xampp\htdocs\parttime\system\Commands\Server\rewrite.php(43): require_once('C:\\xampp\\htdocs...')
#6 {main}
ERROR - 2023-10-18 21:45:58 --> Unknown column 'bayar.id_user' in 'on clause'
CRITICAL - 2023-10-18 21:45:58 --> Call to a member function getResult() on bool
#0 C:\xampp\htdocs\parttime\app\Controllers\Home.php(285): App\Models\M_model->join2('bayar', 'user', 'bayar.id_user=u...')
#1 C:\xampp\htdocs\parttime\system\CodeIgniter.php(832): App\Controllers\Home->bayar()
#2 C:\xampp\htdocs\parttime\system\CodeIgniter.php(419): CodeIgniter\CodeIgniter->runController(Object(App\Controllers\Home))
#3 C:\xampp\htdocs\parttime\system\CodeIgniter.php(326): CodeIgniter\CodeIgniter->handleRequest(NULL, Object(Config\Cache), false)
#4 C:\xampp\htdocs\parttime\public\index.php(37): CodeIgniter\CodeIgniter->run()
#5 C:\xampp\htdocs\parttime\system\Commands\Server\rewrite.php(43): require_once('C:\\xampp\\htdocs...')
#6 {main}
ERROR - 2023-10-18 21:46:20 --> Column 'tempat' cannot be null
ERROR - 2023-10-18 21:46:20 --> Unknown column 'bayar.id_user' in 'on clause'
CRITICAL - 2023-10-18 21:46:20 --> Call to a member function getResult() on bool
#0 C:\xampp\htdocs\parttime\app\Controllers\Home.php(285): App\Models\M_model->join2('bayar', 'user', 'bayar.id_user=u...')
#1 C:\xampp\htdocs\parttime\system\CodeIgniter.php(832): App\Controllers\Home->bayar()
#2 C:\xampp\htdocs\parttime\system\CodeIgniter.php(419): CodeIgniter\CodeIgniter->runController(Object(App\Controllers\Home))
#3 C:\xampp\htdocs\parttime\system\CodeIgniter.php(326): CodeIgniter\CodeIgniter->handleRequest(NULL, Object(Config\Cache), false)
#4 C:\xampp\htdocs\parttime\public\index.php(37): CodeIgniter\CodeIgniter->run()
#5 C:\xampp\htdocs\parttime\system\Commands\Server\rewrite.php(43): require_once('C:\\xampp\\htdocs...')
#6 {main}
ERROR - 2023-10-18 21:54:18 --> Unknown column 'jadwal' in 'field list'
ERROR - 2023-10-18 21:54:18 --> Unknown column 'bayar.id_user' in 'on clause'
CRITICAL - 2023-10-18 21:54:18 --> Call to a member function getResult() on bool
#0 C:\xampp\htdocs\parttime\app\Controllers\Home.php(290): App\Models\M_model->join2('bayar', 'user', 'bayar.id_user=u...')
#1 C:\xampp\htdocs\parttime\system\CodeIgniter.php(832): App\Controllers\Home->bayar()
#2 C:\xampp\htdocs\parttime\system\CodeIgniter.php(419): CodeIgniter\CodeIgniter->runController(Object(App\Controllers\Home))
#3 C:\xampp\htdocs\parttime\system\CodeIgniter.php(326): CodeIgniter\CodeIgniter->handleRequest(NULL, Object(Config\Cache), false)
#4 C:\xampp\htdocs\parttime\public\index.php(37): CodeIgniter\CodeIgniter->run()
#5 C:\xampp\htdocs\parttime\system\Commands\Server\rewrite.php(43): require_once('C:\\xampp\\htdocs...')
#6 {main}
ERROR - 2023-10-18 21:56:22 --> Unknown column 'bayar.id_user' in 'on clause'
CRITICAL - 2023-10-18 21:56:22 --> Call to a member function getResult() on bool
#0 C:\xampp\htdocs\parttime\app\Controllers\Home.php(291): App\Models\M_model->join2('bayar', 'user', 'bayar.id_user=u...')
#1 C:\xampp\htdocs\parttime\system\CodeIgniter.php(832): App\Controllers\Home->bayar()
#2 C:\xampp\htdocs\parttime\system\CodeIgniter.php(419): CodeIgniter\CodeIgniter->runController(Object(App\Controllers\Home))
#3 C:\xampp\htdocs\parttime\system\CodeIgniter.php(326): CodeIgniter\CodeIgniter->handleRequest(NULL, Object(Config\Cache), false)
#4 C:\xampp\htdocs\parttime\public\index.php(37): CodeIgniter\CodeIgniter->run()
#5 C:\xampp\htdocs\parttime\system\Commands\Server\rewrite.php(43): require_once('C:\\xampp\\htdocs...')
#6 {main}
