ERROR - 2023-08-06 02:39:43 --> Unknown column 'username' in 'where clause'
CRITICAL - 2023-08-06 02:39:43 --> Call to a member function getRowArray() on bool
#0 C:\xampp\htdocs\antrian\app\Controllers\Home.php(33): App\Models\M_model->getarray('user', Array)
#1 C:\xampp\htdocs\antrian\system\CodeIgniter.php(832): App\Controllers\Home->aksi_login()
#2 C:\xampp\htdocs\antrian\system\CodeIgniter.php(419): CodeIgniter\CodeIgniter->runController(Object(App\Controllers\Home))
#3 C:\xampp\htdocs\antrian\system\CodeIgniter.php(326): CodeIgniter\CodeIgniter->handleRequest(NULL, Object(Config\Cache), false)
#4 C:\xampp\htdocs\antrian\public\index.php(37): CodeIgniter\CodeIgniter->run()
#5 C:\xampp\htdocs\antrian\system\Commands\Server\rewrite.php(43): require_once('C:\\xampp\\htdocs...')
#6 {main}
CRITICAL - 2023-08-06 04:04:41 --> Use of undefined constant nama - assumed 'nama' (this will throw an Error in a future version of PHP)
#0 C:\xampp\htdocs\antrian\app\Views\Dashboard.php(2): CodeIgniter\Debug\Exceptions->errorHandler(2, 'Use of undefine...', 'C:\\xampp\\htdocs...', 2, Array)
#1 C:\xampp\htdocs\antrian\system\View\View.php(210): include('C:\\xampp\\htdocs...')
#2 C:\xampp\htdocs\antrian\system\View\View.php(213): CodeIgniter\View\View->CodeIgniter\View\{closure}()
#3 C:\xampp\htdocs\antrian\system\Common.php(1089): CodeIgniter\View\View->render('dashboard', Array, true)
#4 C:\xampp\htdocs\antrian\app\Controllers\Home.php(59): view('dashboard')
#5 C:\xampp\htdocs\antrian\system\CodeIgniter.php(832): App\Controllers\Home->dashboard()
#6 C:\xampp\htdocs\antrian\system\CodeIgniter.php(419): CodeIgniter\CodeIgniter->runController(Object(App\Controllers\Home))
#7 C:\xampp\htdocs\antrian\system\CodeIgniter.php(326): CodeIgniter\CodeIgniter->handleRequest(NULL, Object(Config\Cache), false)
#8 C:\xampp\htdocs\antrian\public\index.php(37): CodeIgniter\CodeIgniter->run()
#9 C:\xampp\htdocs\antrian\system\Commands\Server\rewrite.php(43): require_once('C:\\xampp\\htdocs...')
#10 {main}
CRITICAL - 2023-08-06 08:16:56 --> syntax error, unexpected 'public' (T_PUBLIC)
#0 C:\xampp\htdocs\antrian\system\Router\Router.php(175): CodeIgniter\Router\Router->autoRoute('Home/dashboard/')
#1 C:\xampp\htdocs\antrian\system\CodeIgniter.php(726): CodeIgniter\Router\Router->handle('Home/dashboard/')
#2 C:\xampp\htdocs\antrian\system\CodeIgniter.php(368): CodeIgniter\CodeIgniter->tryToRouteIt(Object(CodeIgniter\Router\RouteCollection))
#3 C:\xampp\htdocs\antrian\system\CodeIgniter.php(326): CodeIgniter\CodeIgniter->handleRequest(NULL, Object(Config\Cache), false)
#4 C:\xampp\htdocs\antrian\public\index.php(37): CodeIgniter\CodeIgniter->run()
#5 C:\xampp\htdocs\antrian\system\Commands\Server\rewrite.php(43): require_once('C:\\xampp\\htdocs...')
#6 {main}
CRITICAL - 2023-08-06 08:17:25 --> syntax error, unexpected 'public' (T_PUBLIC)
#0 C:\xampp\htdocs\antrian\system\Router\Router.php(175): CodeIgniter\Router\Router->autoRoute('Home/dashboard/')
#1 C:\xampp\htdocs\antrian\system\CodeIgniter.php(726): CodeIgniter\Router\Router->handle('Home/dashboard/')
#2 C:\xampp\htdocs\antrian\system\CodeIgniter.php(368): CodeIgniter\CodeIgniter->tryToRouteIt(Object(CodeIgniter\Router\RouteCollection))
#3 C:\xampp\htdocs\antrian\system\CodeIgniter.php(326): CodeIgniter\CodeIgniter->handleRequest(NULL, Object(Config\Cache), false)
#4 C:\xampp\htdocs\antrian\public\index.php(37): CodeIgniter\CodeIgniter->run()
#5 C:\xampp\htdocs\antrian\system\Commands\Server\rewrite.php(43): require_once('C:\\xampp\\htdocs...')
#6 {main}
CRITICAL - 2023-08-06 08:17:57 --> syntax error, unexpected 'public' (T_PUBLIC)
#0 C:\xampp\htdocs\antrian\system\Router\Router.php(175): CodeIgniter\Router\Router->autoRoute('Home/dashboard/')
#1 C:\xampp\htdocs\antrian\system\CodeIgniter.php(726): CodeIgniter\Router\Router->handle('Home/dashboard/')
#2 C:\xampp\htdocs\antrian\system\CodeIgniter.php(368): CodeIgniter\CodeIgniter->tryToRouteIt(Object(CodeIgniter\Router\RouteCollection))
#3 C:\xampp\htdocs\antrian\system\CodeIgniter.php(326): CodeIgniter\CodeIgniter->handleRequest(NULL, Object(Config\Cache), false)
#4 C:\xampp\htdocs\antrian\public\index.php(37): CodeIgniter\CodeIgniter->run()
#5 C:\xampp\htdocs\antrian\system\Commands\Server\rewrite.php(43): require_once('C:\\xampp\\htdocs...')
#6 {main}
CRITICAL - 2023-08-06 08:18:12 --> syntax error, unexpected 'public' (T_PUBLIC)
#0 C:\xampp\htdocs\antrian\system\Router\Router.php(175): CodeIgniter\Router\Router->autoRoute('Home/dashboard/')
#1 C:\xampp\htdocs\antrian\system\CodeIgniter.php(726): CodeIgniter\Router\Router->handle('Home/dashboard/')
#2 C:\xampp\htdocs\antrian\system\CodeIgniter.php(368): CodeIgniter\CodeIgniter->tryToRouteIt(Object(CodeIgniter\Router\RouteCollection))
#3 C:\xampp\htdocs\antrian\system\CodeIgniter.php(326): CodeIgniter\CodeIgniter->handleRequest(NULL, Object(Config\Cache), false)
#4 C:\xampp\htdocs\antrian\public\index.php(37): CodeIgniter\CodeIgniter->run()
#5 C:\xampp\htdocs\antrian\system\Commands\Server\rewrite.php(43): require_once('C:\\xampp\\htdocs...')
#6 {main}
CRITICAL - 2023-08-06 08:24:32 --> syntax error, unexpected end of file, expecting function (T_FUNCTION) or const (T_CONST)
#0 C:\xampp\htdocs\antrian\system\Router\Router.php(175): CodeIgniter\Router\Router->autoRoute('Home/halaman/')
#1 C:\xampp\htdocs\antrian\system\CodeIgniter.php(726): CodeIgniter\Router\Router->handle('Home/halaman/')
#2 C:\xampp\htdocs\antrian\system\CodeIgniter.php(368): CodeIgniter\CodeIgniter->tryToRouteIt(Object(CodeIgniter\Router\RouteCollection))
#3 C:\xampp\htdocs\antrian\system\CodeIgniter.php(326): CodeIgniter\CodeIgniter->handleRequest(NULL, Object(Config\Cache), false)
#4 C:\xampp\htdocs\antrian\public\index.php(37): CodeIgniter\CodeIgniter->run()
#5 C:\xampp\htdocs\antrian\system\Commands\Server\rewrite.php(43): require_once('C:\\xampp\\htdocs...')
#6 {main}
CRITICAL - 2023-08-06 08:34:01 --> syntax error, unexpected 'public' (T_PUBLIC)
#0 C:\xampp\htdocs\antrian\system\Router\Router.php(175): CodeIgniter\Router\Router->autoRoute('Home/halaman/')
#1 C:\xampp\htdocs\antrian\system\CodeIgniter.php(726): CodeIgniter\Router\Router->handle('Home/halaman/')
#2 C:\xampp\htdocs\antrian\system\CodeIgniter.php(368): CodeIgniter\CodeIgniter->tryToRouteIt(Object(CodeIgniter\Router\RouteCollection))
#3 C:\xampp\htdocs\antrian\system\CodeIgniter.php(326): CodeIgniter\CodeIgniter->handleRequest(NULL, Object(Config\Cache), false)
#4 C:\xampp\htdocs\antrian\public\index.php(37): CodeIgniter\CodeIgniter->run()
#5 C:\xampp\htdocs\antrian\system\Commands\Server\rewrite.php(43): require_once('C:\\xampp\\htdocs...')
#6 {main}
