CRITICAL - 2023-10-03 20:17:01 --> syntax error, unexpected 'return' (T_RETURN), expecting function (T_FUNCTION) or const (T_CONST)
#0 C:\xampp\htdocs\parttime\system\Autoloader\Autoloader.php(241): CodeIgniter\Autoloader\Autoloader->includeFile('C:\\xampp\\htdocs...')
#1 C:\xampp\htdocs\parttime\system\Autoloader\Autoloader.php(219): CodeIgniter\Autoloader\Autoloader->loadInNamespace('App\\Controllers...')
#2 [internal function]: CodeIgniter\Autoloader\Autoloader->loadClass('App\\Controllers...')
#3 [internal function]: spl_autoload_call('App\\Controllers...')
#4 C:\xampp\htdocs\parttime\system\CodeIgniter.php(797): class_exists('\\App\\Controller...', true)
#5 C:\xampp\htdocs\parttime\system\CodeIgniter.php(406): CodeIgniter\CodeIgniter->startController()
#6 C:\xampp\htdocs\parttime\system\CodeIgniter.php(326): CodeIgniter\CodeIgniter->handleRequest(NULL, Object(Config\Cache), false)
#7 C:\xampp\htdocs\parttime\public\index.php(37): CodeIgniter\CodeIgniter->run()
#8 C:\xampp\htdocs\parttime\system\Commands\Server\rewrite.php(43): require_once('C:\\xampp\\htdocs...')
#9 {main}
CRITICAL - 2023-10-03 20:17:02 --> syntax error, unexpected 'return' (T_RETURN), expecting function (T_FUNCTION) or const (T_CONST)
#0 C:\xampp\htdocs\parttime\system\Autoloader\Autoloader.php(241): CodeIgniter\Autoloader\Autoloader->includeFile('C:\\xampp\\htdocs...')
#1 C:\xampp\htdocs\parttime\system\Autoloader\Autoloader.php(219): CodeIgniter\Autoloader\Autoloader->loadInNamespace('App\\Controllers...')
#2 [internal function]: CodeIgniter\Autoloader\Autoloader->loadClass('App\\Controllers...')
#3 [internal function]: spl_autoload_call('App\\Controllers...')
#4 C:\xampp\htdocs\parttime\system\CodeIgniter.php(797): class_exists('\\App\\Controller...', true)
#5 C:\xampp\htdocs\parttime\system\CodeIgniter.php(406): CodeIgniter\CodeIgniter->startController()
#6 C:\xampp\htdocs\parttime\system\CodeIgniter.php(326): CodeIgniter\CodeIgniter->handleRequest(NULL, Object(Config\Cache), false)
#7 C:\xampp\htdocs\parttime\public\index.php(37): CodeIgniter\CodeIgniter->run()
#8 C:\xampp\htdocs\parttime\system\Commands\Server\rewrite.php(43): require_once('C:\\xampp\\htdocs...')
#9 {main}
CRITICAL - 2023-10-03 20:17:25 --> Cannot redeclare App\Controllers\Home::jadwal()
#0 [internal function]: CodeIgniter\Debug\Exceptions->shutdownHandler()
#1 {main}
CRITICAL - 2023-10-03 20:20:15 --> Invalid argument supplied for foreach()
#0 C:\xampp\htdocs\parttime\app\Views\jadwal.php(53): CodeIgniter\Debug\Exceptions->errorHandler(2, 'Invalid argumen...', 'C:\\xampp\\htdocs...', 53, Array)
#1 C:\xampp\htdocs\parttime\system\View\View.php(210): include('C:\\xampp\\htdocs...')
#2 C:\xampp\htdocs\parttime\system\View\View.php(213): CodeIgniter\View\View->CodeIgniter\View\{closure}()
#3 C:\xampp\htdocs\parttime\system\Common.php(1089): CodeIgniter\View\View->render('jadwal', Array, true)
#4 C:\xampp\htdocs\parttime\app\Controllers\Home.php(95): view('jadwal')
#5 C:\xampp\htdocs\parttime\system\CodeIgniter.php(832): App\Controllers\Home->jadwal()
#6 C:\xampp\htdocs\parttime\system\CodeIgniter.php(419): CodeIgniter\CodeIgniter->runController(Object(App\Controllers\Home))
#7 C:\xampp\htdocs\parttime\system\CodeIgniter.php(326): CodeIgniter\CodeIgniter->handleRequest(NULL, Object(Config\Cache), false)
#8 C:\xampp\htdocs\parttime\public\index.php(37): CodeIgniter\CodeIgniter->run()
#9 C:\xampp\htdocs\parttime\system\Commands\Server\rewrite.php(43): require_once('C:\\xampp\\htdocs...')
#10 {main}
CRITICAL - 2023-10-03 20:20:19 --> Invalid argument supplied for foreach()
#0 C:\xampp\htdocs\parttime\app\Views\jadwal.php(53): CodeIgniter\Debug\Exceptions->errorHandler(2, 'Invalid argumen...', 'C:\\xampp\\htdocs...', 53, Array)
#1 C:\xampp\htdocs\parttime\system\View\View.php(210): include('C:\\xampp\\htdocs...')
#2 C:\xampp\htdocs\parttime\system\View\View.php(213): CodeIgniter\View\View->CodeIgniter\View\{closure}()
#3 C:\xampp\htdocs\parttime\system\Common.php(1089): CodeIgniter\View\View->render('jadwal', Array, true)
#4 C:\xampp\htdocs\parttime\app\Controllers\Home.php(95): view('jadwal')
#5 C:\xampp\htdocs\parttime\system\CodeIgniter.php(832): App\Controllers\Home->jadwal()
#6 C:\xampp\htdocs\parttime\system\CodeIgniter.php(419): CodeIgniter\CodeIgniter->runController(Object(App\Controllers\Home))
#7 C:\xampp\htdocs\parttime\system\CodeIgniter.php(326): CodeIgniter\CodeIgniter->handleRequest(NULL, Object(Config\Cache), false)
#8 C:\xampp\htdocs\parttime\public\index.php(37): CodeIgniter\CodeIgniter->run()
#9 C:\xampp\htdocs\parttime\system\Commands\Server\rewrite.php(43): require_once('C:\\xampp\\htdocs...')
#10 {main}
CRITICAL - 2023-10-03 20:50:17 --> Invalid file: Home/tambah_user.php
#0 C:\xampp\htdocs\parttime\system\View\View.php(198): CodeIgniter\Exceptions\FrameworkException::forInvalidFile('Home/tambah_use...')
#1 C:\xampp\htdocs\parttime\system\Common.php(1089): CodeIgniter\View\View->render('Home/tambah_use...', Array, true)
#2 C:\xampp\htdocs\parttime\app\Controllers\Home.php(119): view('Home/tambah_use...')
#3 C:\xampp\htdocs\parttime\system\CodeIgniter.php(832): App\Controllers\Home->tambah_user()
#4 C:\xampp\htdocs\parttime\system\CodeIgniter.php(419): CodeIgniter\CodeIgniter->runController(Object(App\Controllers\Home))
#5 C:\xampp\htdocs\parttime\system\CodeIgniter.php(326): CodeIgniter\CodeIgniter->handleRequest(NULL, Object(Config\Cache), false)
#6 C:\xampp\htdocs\parttime\public\index.php(37): CodeIgniter\CodeIgniter->run()
#7 C:\xampp\htdocs\parttime\system\Commands\Server\rewrite.php(43): require_once('C:\\xampp\\htdocs...')
#8 {main}
CRITICAL - 2023-10-03 20:50:51 --> Invalid file: Home/tambah_user.php
#0 C:\xampp\htdocs\parttime\system\View\View.php(198): CodeIgniter\Exceptions\FrameworkException::forInvalidFile('Home/tambah_use...')
#1 C:\xampp\htdocs\parttime\system\Common.php(1089): CodeIgniter\View\View->render('Home/tambah_use...', Array, true)
#2 C:\xampp\htdocs\parttime\app\Controllers\Home.php(119): view('Home/tambah_use...')
#3 C:\xampp\htdocs\parttime\system\CodeIgniter.php(832): App\Controllers\Home->tambah_user()
#4 C:\xampp\htdocs\parttime\system\CodeIgniter.php(419): CodeIgniter\CodeIgniter->runController(Object(App\Controllers\Home))
#5 C:\xampp\htdocs\parttime\system\CodeIgniter.php(326): CodeIgniter\CodeIgniter->handleRequest(NULL, Object(Config\Cache), false)
#6 C:\xampp\htdocs\parttime\public\index.php(37): CodeIgniter\CodeIgniter->run()
#7 C:\xampp\htdocs\parttime\system\Commands\Server\rewrite.php(43): require_once('C:\\xampp\\htdocs...')
#8 {main}
CRITICAL - 2023-10-03 20:51:01 --> Invalid file: Home/tambah_user.php
#0 C:\xampp\htdocs\parttime\system\View\View.php(198): CodeIgniter\Exceptions\FrameworkException::forInvalidFile('Home/tambah_use...')
#1 C:\xampp\htdocs\parttime\system\Common.php(1089): CodeIgniter\View\View->render('Home/tambah_use...', Array, true)
#2 C:\xampp\htdocs\parttime\app\Controllers\Home.php(119): view('Home/tambah_use...')
#3 C:\xampp\htdocs\parttime\system\CodeIgniter.php(832): App\Controllers\Home->tambah_user()
#4 C:\xampp\htdocs\parttime\system\CodeIgniter.php(419): CodeIgniter\CodeIgniter->runController(Object(App\Controllers\Home))
#5 C:\xampp\htdocs\parttime\system\CodeIgniter.php(326): CodeIgniter\CodeIgniter->handleRequest(NULL, Object(Config\Cache), false)
#6 C:\xampp\htdocs\parttime\public\index.php(37): CodeIgniter\CodeIgniter->run()
#7 C:\xampp\htdocs\parttime\system\Commands\Server\rewrite.php(43): require_once('C:\\xampp\\htdocs...')
#8 {main}
ERROR - 2023-10-03 20:58:10 --> Unknown column 'umur' in 'field list'
ERROR - 2023-10-03 21:18:34 --> Unknown column 'umur' in 'field list'
ERROR - 2023-10-03 21:25:40 --> Unknown column 'umur' in 'field list'
