CRITICAL - 2023-08-07 05:52:41 --> Invalid argument supplied for foreach()
#0 C:\xampp\htdocs\antrian\app\Views\loket.php(48): CodeIgniter\Debug\Exceptions->errorHandler(2, 'Invalid argumen...', 'C:\\xampp\\htdocs...', 48, Array)
#1 C:\xampp\htdocs\antrian\system\View\View.php(210): include('C:\\xampp\\htdocs...')
#2 C:\xampp\htdocs\antrian\system\View\View.php(213): CodeIgniter\View\View->CodeIgniter\View\{closure}()
#3 C:\xampp\htdocs\antrian\system\Common.php(1089): CodeIgniter\View\View->render('loket', Array, true)
#4 C:\xampp\htdocs\antrian\app\Controllers\Home.php(71): view('loket')
#5 C:\xampp\htdocs\antrian\system\CodeIgniter.php(832): App\Controllers\Home->loket()
#6 C:\xampp\htdocs\antrian\system\CodeIgniter.php(419): CodeIgniter\CodeIgniter->runController(Object(App\Controllers\Home))
#7 C:\xampp\htdocs\antrian\system\CodeIgniter.php(326): CodeIgniter\CodeIgniter->handleRequest(NULL, Object(Config\Cache), false)
#8 C:\xampp\htdocs\antrian\public\index.php(37): CodeIgniter\CodeIgniter->run()
#9 C:\xampp\htdocs\antrian\system\Commands\Server\rewrite.php(43): require_once('C:\\xampp\\htdocs...')
#10 {main}
CRITICAL - 2023-08-07 05:52:43 --> Invalid argument supplied for foreach()
#0 C:\xampp\htdocs\antrian\app\Views\loket.php(48): CodeIgniter\Debug\Exceptions->errorHandler(2, 'Invalid argumen...', 'C:\\xampp\\htdocs...', 48, Array)
#1 C:\xampp\htdocs\antrian\system\View\View.php(210): include('C:\\xampp\\htdocs...')
#2 C:\xampp\htdocs\antrian\system\View\View.php(213): CodeIgniter\View\View->CodeIgniter\View\{closure}()
#3 C:\xampp\htdocs\antrian\system\Common.php(1089): CodeIgniter\View\View->render('loket', Array, true)
#4 C:\xampp\htdocs\antrian\app\Controllers\Home.php(71): view('loket')
#5 C:\xampp\htdocs\antrian\system\CodeIgniter.php(832): App\Controllers\Home->loket()
#6 C:\xampp\htdocs\antrian\system\CodeIgniter.php(419): CodeIgniter\CodeIgniter->runController(Object(App\Controllers\Home))
#7 C:\xampp\htdocs\antrian\system\CodeIgniter.php(326): CodeIgniter\CodeIgniter->handleRequest(NULL, Object(Config\Cache), false)
#8 C:\xampp\htdocs\antrian\public\index.php(37): CodeIgniter\CodeIgniter->run()
#9 C:\xampp\htdocs\antrian\system\Commands\Server\rewrite.php(43): require_once('C:\\xampp\\htdocs...')
#10 {main}
CRITICAL - 2023-08-07 05:52:48 --> Invalid argument supplied for foreach()
#0 C:\xampp\htdocs\antrian\app\Views\loket.php(48): CodeIgniter\Debug\Exceptions->errorHandler(2, 'Invalid argumen...', 'C:\\xampp\\htdocs...', 48, Array)
#1 C:\xampp\htdocs\antrian\system\View\View.php(210): include('C:\\xampp\\htdocs...')
#2 C:\xampp\htdocs\antrian\system\View\View.php(213): CodeIgniter\View\View->CodeIgniter\View\{closure}()
#3 C:\xampp\htdocs\antrian\system\Common.php(1089): CodeIgniter\View\View->render('loket', Array, true)
#4 C:\xampp\htdocs\antrian\app\Controllers\Home.php(71): view('loket')
#5 C:\xampp\htdocs\antrian\system\CodeIgniter.php(832): App\Controllers\Home->loket()
#6 C:\xampp\htdocs\antrian\system\CodeIgniter.php(419): CodeIgniter\CodeIgniter->runController(Object(App\Controllers\Home))
#7 C:\xampp\htdocs\antrian\system\CodeIgniter.php(326): CodeIgniter\CodeIgniter->handleRequest(NULL, Object(Config\Cache), false)
#8 C:\xampp\htdocs\antrian\public\index.php(37): CodeIgniter\CodeIgniter->run()
#9 C:\xampp\htdocs\antrian\system\Commands\Server\rewrite.php(43): require_once('C:\\xampp\\htdocs...')
#10 {main}
CRITICAL - 2023-08-07 05:52:53 --> Invalid argument supplied for foreach()
#0 C:\xampp\htdocs\antrian\app\Views\loket.php(48): CodeIgniter\Debug\Exceptions->errorHandler(2, 'Invalid argumen...', 'C:\\xampp\\htdocs...', 48, Array)
#1 C:\xampp\htdocs\antrian\system\View\View.php(210): include('C:\\xampp\\htdocs...')
#2 C:\xampp\htdocs\antrian\system\View\View.php(213): CodeIgniter\View\View->CodeIgniter\View\{closure}()
#3 C:\xampp\htdocs\antrian\system\Common.php(1089): CodeIgniter\View\View->render('loket', Array, true)
#4 C:\xampp\htdocs\antrian\app\Controllers\Home.php(71): view('loket')
#5 C:\xampp\htdocs\antrian\system\CodeIgniter.php(832): App\Controllers\Home->loket()
#6 C:\xampp\htdocs\antrian\system\CodeIgniter.php(419): CodeIgniter\CodeIgniter->runController(Object(App\Controllers\Home))
#7 C:\xampp\htdocs\antrian\system\CodeIgniter.php(326): CodeIgniter\CodeIgniter->handleRequest(NULL, Object(Config\Cache), false)
#8 C:\xampp\htdocs\antrian\public\index.php(37): CodeIgniter\CodeIgniter->run()
#9 C:\xampp\htdocs\antrian\system\Commands\Server\rewrite.php(43): require_once('C:\\xampp\\htdocs...')
#10 {main}
CRITICAL - 2023-08-07 05:54:59 --> Invalid argument supplied for foreach()
#0 C:\xampp\htdocs\antrian\app\Views\loket.php(48): CodeIgniter\Debug\Exceptions->errorHandler(2, 'Invalid argumen...', 'C:\\xampp\\htdocs...', 48, Array)
#1 C:\xampp\htdocs\antrian\system\View\View.php(210): include('C:\\xampp\\htdocs...')
#2 C:\xampp\htdocs\antrian\system\View\View.php(213): CodeIgniter\View\View->CodeIgniter\View\{closure}()
#3 C:\xampp\htdocs\antrian\system\Common.php(1089): CodeIgniter\View\View->render('loket', Array, true)
#4 C:\xampp\htdocs\antrian\app\Controllers\Home.php(70): view('loket')
#5 C:\xampp\htdocs\antrian\system\CodeIgniter.php(832): App\Controllers\Home->loket()
#6 C:\xampp\htdocs\antrian\system\CodeIgniter.php(419): CodeIgniter\CodeIgniter->runController(Object(App\Controllers\Home))
#7 C:\xampp\htdocs\antrian\system\CodeIgniter.php(326): CodeIgniter\CodeIgniter->handleRequest(NULL, Object(Config\Cache), false)
#8 C:\xampp\htdocs\antrian\public\index.php(37): CodeIgniter\CodeIgniter->run()
#9 C:\xampp\htdocs\antrian\system\Commands\Server\rewrite.php(43): require_once('C:\\xampp\\htdocs...')
#10 {main}
CRITICAL - 2023-08-07 05:58:42 --> Invalid argument supplied for foreach()
#0 C:\xampp\htdocs\antrian\app\Views\loket.php(48): CodeIgniter\Debug\Exceptions->errorHandler(2, 'Invalid argumen...', 'C:\\xampp\\htdocs...', 48, Array)
#1 C:\xampp\htdocs\antrian\system\View\View.php(210): include('C:\\xampp\\htdocs...')
#2 C:\xampp\htdocs\antrian\system\View\View.php(213): CodeIgniter\View\View->CodeIgniter\View\{closure}()
#3 C:\xampp\htdocs\antrian\system\Common.php(1089): CodeIgniter\View\View->render('loket', Array, true)
#4 C:\xampp\htdocs\antrian\app\Controllers\Home.php(70): view('loket')
#5 C:\xampp\htdocs\antrian\system\CodeIgniter.php(832): App\Controllers\Home->loket()
#6 C:\xampp\htdocs\antrian\system\CodeIgniter.php(419): CodeIgniter\CodeIgniter->runController(Object(App\Controllers\Home))
#7 C:\xampp\htdocs\antrian\system\CodeIgniter.php(326): CodeIgniter\CodeIgniter->handleRequest(NULL, Object(Config\Cache), false)
#8 C:\xampp\htdocs\antrian\public\index.php(37): CodeIgniter\CodeIgniter->run()
#9 C:\xampp\htdocs\antrian\system\Commands\Server\rewrite.php(43): require_once('C:\\xampp\\htdocs...')
#10 {main}
CRITICAL - 2023-08-07 05:58:45 --> Invalid argument supplied for foreach()
#0 C:\xampp\htdocs\antrian\app\Views\loket.php(48): CodeIgniter\Debug\Exceptions->errorHandler(2, 'Invalid argumen...', 'C:\\xampp\\htdocs...', 48, Array)
#1 C:\xampp\htdocs\antrian\system\View\View.php(210): include('C:\\xampp\\htdocs...')
#2 C:\xampp\htdocs\antrian\system\View\View.php(213): CodeIgniter\View\View->CodeIgniter\View\{closure}()
#3 C:\xampp\htdocs\antrian\system\Common.php(1089): CodeIgniter\View\View->render('loket', Array, true)
#4 C:\xampp\htdocs\antrian\app\Controllers\Home.php(70): view('loket')
#5 C:\xampp\htdocs\antrian\system\CodeIgniter.php(832): App\Controllers\Home->loket()
#6 C:\xampp\htdocs\antrian\system\CodeIgniter.php(419): CodeIgniter\CodeIgniter->runController(Object(App\Controllers\Home))
#7 C:\xampp\htdocs\antrian\system\CodeIgniter.php(326): CodeIgniter\CodeIgniter->handleRequest(NULL, Object(Config\Cache), false)
#8 C:\xampp\htdocs\antrian\public\index.php(37): CodeIgniter\CodeIgniter->run()
#9 C:\xampp\htdocs\antrian\system\Commands\Server\rewrite.php(43): require_once('C:\\xampp\\htdocs...')
#10 {main}
CRITICAL - 2023-08-07 05:59:00 --> Invalid argument supplied for foreach()
#0 C:\xampp\htdocs\antrian\app\Views\loket.php(48): CodeIgniter\Debug\Exceptions->errorHandler(2, 'Invalid argumen...', 'C:\\xampp\\htdocs...', 48, Array)
#1 C:\xampp\htdocs\antrian\system\View\View.php(210): include('C:\\xampp\\htdocs...')
#2 C:\xampp\htdocs\antrian\system\View\View.php(213): CodeIgniter\View\View->CodeIgniter\View\{closure}()
#3 C:\xampp\htdocs\antrian\system\Common.php(1089): CodeIgniter\View\View->render('loket', Array, true)
#4 C:\xampp\htdocs\antrian\app\Controllers\Home.php(70): view('loket')
#5 C:\xampp\htdocs\antrian\system\CodeIgniter.php(832): App\Controllers\Home->loket()
#6 C:\xampp\htdocs\antrian\system\CodeIgniter.php(419): CodeIgniter\CodeIgniter->runController(Object(App\Controllers\Home))
#7 C:\xampp\htdocs\antrian\system\CodeIgniter.php(326): CodeIgniter\CodeIgniter->handleRequest(NULL, Object(Config\Cache), false)
#8 C:\xampp\htdocs\antrian\public\index.php(37): CodeIgniter\CodeIgniter->run()
#9 C:\xampp\htdocs\antrian\system\Commands\Server\rewrite.php(43): require_once('C:\\xampp\\htdocs...')
#10 {main}
CRITICAL - 2023-08-07 05:59:04 --> Invalid argument supplied for foreach()
#0 C:\xampp\htdocs\antrian\app\Views\loket.php(48): CodeIgniter\Debug\Exceptions->errorHandler(2, 'Invalid argumen...', 'C:\\xampp\\htdocs...', 48, Array)
#1 C:\xampp\htdocs\antrian\system\View\View.php(210): include('C:\\xampp\\htdocs...')
#2 C:\xampp\htdocs\antrian\system\View\View.php(213): CodeIgniter\View\View->CodeIgniter\View\{closure}()
#3 C:\xampp\htdocs\antrian\system\Common.php(1089): CodeIgniter\View\View->render('loket', Array, true)
#4 C:\xampp\htdocs\antrian\app\Controllers\Home.php(70): view('loket')
#5 C:\xampp\htdocs\antrian\system\CodeIgniter.php(832): App\Controllers\Home->loket()
#6 C:\xampp\htdocs\antrian\system\CodeIgniter.php(419): CodeIgniter\CodeIgniter->runController(Object(App\Controllers\Home))
#7 C:\xampp\htdocs\antrian\system\CodeIgniter.php(326): CodeIgniter\CodeIgniter->handleRequest(NULL, Object(Config\Cache), false)
#8 C:\xampp\htdocs\antrian\public\index.php(37): CodeIgniter\CodeIgniter->run()
#9 C:\xampp\htdocs\antrian\system\Commands\Server\rewrite.php(43): require_once('C:\\xampp\\htdocs...')
#10 {main}
CRITICAL - 2023-08-07 06:00:02 --> Invalid argument supplied for foreach()
#0 C:\xampp\htdocs\antrian\app\Views\loket.php(48): CodeIgniter\Debug\Exceptions->errorHandler(2, 'Invalid argumen...', 'C:\\xampp\\htdocs...', 48, Array)
#1 C:\xampp\htdocs\antrian\system\View\View.php(210): include('C:\\xampp\\htdocs...')
#2 C:\xampp\htdocs\antrian\system\View\View.php(213): CodeIgniter\View\View->CodeIgniter\View\{closure}()
#3 C:\xampp\htdocs\antrian\system\Common.php(1089): CodeIgniter\View\View->render('loket', Array, true)
#4 C:\xampp\htdocs\antrian\app\Controllers\Home.php(70): view('loket')
#5 C:\xampp\htdocs\antrian\system\CodeIgniter.php(832): App\Controllers\Home->loket()
#6 C:\xampp\htdocs\antrian\system\CodeIgniter.php(419): CodeIgniter\CodeIgniter->runController(Object(App\Controllers\Home))
#7 C:\xampp\htdocs\antrian\system\CodeIgniter.php(326): CodeIgniter\CodeIgniter->handleRequest(NULL, Object(Config\Cache), false)
#8 C:\xampp\htdocs\antrian\public\index.php(37): CodeIgniter\CodeIgniter->run()
#9 C:\xampp\htdocs\antrian\system\Commands\Server\rewrite.php(43): require_once('C:\\xampp\\htdocs...')
#10 {main}
CRITICAL - 2023-08-07 06:00:28 --> syntax error, unexpected '}', expecting end of file
#0 C:\xampp\htdocs\antrian\system\View\View.php(213): CodeIgniter\View\View->CodeIgniter\View\{closure}()
#1 C:\xampp\htdocs\antrian\system\Common.php(1089): CodeIgniter\View\View->render('loket', Array, true)
#2 C:\xampp\htdocs\antrian\app\Controllers\Home.php(70): view('loket')
#3 C:\xampp\htdocs\antrian\system\CodeIgniter.php(832): App\Controllers\Home->loket()
#4 C:\xampp\htdocs\antrian\system\CodeIgniter.php(419): CodeIgniter\CodeIgniter->runController(Object(App\Controllers\Home))
#5 C:\xampp\htdocs\antrian\system\CodeIgniter.php(326): CodeIgniter\CodeIgniter->handleRequest(NULL, Object(Config\Cache), false)
#6 C:\xampp\htdocs\antrian\public\index.php(37): CodeIgniter\CodeIgniter->run()
#7 C:\xampp\htdocs\antrian\system\Commands\Server\rewrite.php(43): require_once('C:\\xampp\\htdocs...')
#8 {main}
CRITICAL - 2023-08-07 19:48:21 --> syntax error, unexpected '?>', expecting identifier (T_STRING) or variable (T_VARIABLE) or '{' or '$'
#0 C:\xampp\htdocs\antrian\system\View\View.php(213): CodeIgniter\View\View->CodeIgniter\View\{closure}()
#1 C:\xampp\htdocs\antrian\system\Common.php(1089): CodeIgniter\View\View->render('loket', Array, true)
#2 C:\xampp\htdocs\antrian\app\Controllers\Home.php(70): view('loket')
#3 C:\xampp\htdocs\antrian\system\CodeIgniter.php(832): App\Controllers\Home->loket()
#4 C:\xampp\htdocs\antrian\system\CodeIgniter.php(419): CodeIgniter\CodeIgniter->runController(Object(App\Controllers\Home))
#5 C:\xampp\htdocs\antrian\system\CodeIgniter.php(326): CodeIgniter\CodeIgniter->handleRequest(NULL, Object(Config\Cache), false)
#6 C:\xampp\htdocs\antrian\public\index.php(37): CodeIgniter\CodeIgniter->run()
#7 C:\xampp\htdocs\antrian\system\Commands\Server\rewrite.php(43): require_once('C:\\xampp\\htdocs...')
#8 {main}
CRITICAL - 2023-08-07 19:53:01 --> syntax error, unexpected '?>', expecting identifier (T_STRING) or variable (T_VARIABLE) or '{' or '$'
#0 C:\xampp\htdocs\antrian\system\View\View.php(213): CodeIgniter\View\View->CodeIgniter\View\{closure}()
#1 C:\xampp\htdocs\antrian\system\Common.php(1089): CodeIgniter\View\View->render('loket', Array, true)
#2 C:\xampp\htdocs\antrian\app\Controllers\Home.php(70): view('loket')
#3 C:\xampp\htdocs\antrian\system\CodeIgniter.php(832): App\Controllers\Home->loket()
#4 C:\xampp\htdocs\antrian\system\CodeIgniter.php(419): CodeIgniter\CodeIgniter->runController(Object(App\Controllers\Home))
#5 C:\xampp\htdocs\antrian\system\CodeIgniter.php(326): CodeIgniter\CodeIgniter->handleRequest(NULL, Object(Config\Cache), false)
#6 C:\xampp\htdocs\antrian\public\index.php(37): CodeIgniter\CodeIgniter->run()
#7 C:\xampp\htdocs\antrian\system\Commands\Server\rewrite.php(43): require_once('C:\\xampp\\htdocs...')
#8 {main}
CRITICAL - 2023-08-07 19:54:48 --> syntax error, unexpected '?>', expecting identifier (T_STRING) or variable (T_VARIABLE) or '{' or '$'
#0 C:\xampp\htdocs\antrian\system\View\View.php(213): CodeIgniter\View\View->CodeIgniter\View\{closure}()
#1 C:\xampp\htdocs\antrian\system\Common.php(1089): CodeIgniter\View\View->render('loket', Array, true)
#2 C:\xampp\htdocs\antrian\app\Controllers\Home.php(70): view('loket')
#3 C:\xampp\htdocs\antrian\system\CodeIgniter.php(832): App\Controllers\Home->loket()
#4 C:\xampp\htdocs\antrian\system\CodeIgniter.php(419): CodeIgniter\CodeIgniter->runController(Object(App\Controllers\Home))
#5 C:\xampp\htdocs\antrian\system\CodeIgniter.php(326): CodeIgniter\CodeIgniter->handleRequest(NULL, Object(Config\Cache), false)
#6 C:\xampp\htdocs\antrian\public\index.php(37): CodeIgniter\CodeIgniter->run()
#7 C:\xampp\htdocs\antrian\system\Commands\Server\rewrite.php(43): require_once('C:\\xampp\\htdocs...')
#8 {main}
CRITICAL - 2023-08-07 19:54:59 --> syntax error, unexpected '?>', expecting identifier (T_STRING) or variable (T_VARIABLE) or '{' or '$'
#0 C:\xampp\htdocs\antrian\system\View\View.php(213): CodeIgniter\View\View->CodeIgniter\View\{closure}()
#1 C:\xampp\htdocs\antrian\system\Common.php(1089): CodeIgniter\View\View->render('loket', Array, true)
#2 C:\xampp\htdocs\antrian\app\Controllers\Home.php(70): view('loket')
#3 C:\xampp\htdocs\antrian\system\CodeIgniter.php(832): App\Controllers\Home->loket()
#4 C:\xampp\htdocs\antrian\system\CodeIgniter.php(419): CodeIgniter\CodeIgniter->runController(Object(App\Controllers\Home))
#5 C:\xampp\htdocs\antrian\system\CodeIgniter.php(326): CodeIgniter\CodeIgniter->handleRequest(NULL, Object(Config\Cache), false)
#6 C:\xampp\htdocs\antrian\public\index.php(37): CodeIgniter\CodeIgniter->run()
#7 C:\xampp\htdocs\antrian\system\Commands\Server\rewrite.php(43): require_once('C:\\xampp\\htdocs...')
#8 {main}
CRITICAL - 2023-08-07 19:57:47 --> syntax error, unexpected '?>', expecting identifier (T_STRING) or variable (T_VARIABLE) or '{' or '$'
#0 C:\xampp\htdocs\antrian\system\View\View.php(213): CodeIgniter\View\View->CodeIgniter\View\{closure}()
#1 C:\xampp\htdocs\antrian\system\Common.php(1089): CodeIgniter\View\View->render('loket', Array, true)
#2 C:\xampp\htdocs\antrian\app\Controllers\Home.php(70): view('loket')
#3 C:\xampp\htdocs\antrian\system\CodeIgniter.php(832): App\Controllers\Home->loket()
#4 C:\xampp\htdocs\antrian\system\CodeIgniter.php(419): CodeIgniter\CodeIgniter->runController(Object(App\Controllers\Home))
#5 C:\xampp\htdocs\antrian\system\CodeIgniter.php(326): CodeIgniter\CodeIgniter->handleRequest(NULL, Object(Config\Cache), false)
#6 C:\xampp\htdocs\antrian\public\index.php(37): CodeIgniter\CodeIgniter->run()
#7 C:\xampp\htdocs\antrian\system\Commands\Server\rewrite.php(43): require_once('C:\\xampp\\htdocs...')
#8 {main}
CRITICAL - 2023-08-07 19:58:28 --> syntax error, unexpected '?>', expecting identifier (T_STRING) or variable (T_VARIABLE) or '{' or '$'
#0 C:\xampp\htdocs\antrian\system\View\View.php(213): CodeIgniter\View\View->CodeIgniter\View\{closure}()
#1 C:\xampp\htdocs\antrian\system\Common.php(1089): CodeIgniter\View\View->render('loket', Array, true)
#2 C:\xampp\htdocs\antrian\app\Controllers\Home.php(70): view('loket')
#3 C:\xampp\htdocs\antrian\system\CodeIgniter.php(832): App\Controllers\Home->loket()
#4 C:\xampp\htdocs\antrian\system\CodeIgniter.php(419): CodeIgniter\CodeIgniter->runController(Object(App\Controllers\Home))
#5 C:\xampp\htdocs\antrian\system\CodeIgniter.php(326): CodeIgniter\CodeIgniter->handleRequest(NULL, Object(Config\Cache), false)
#6 C:\xampp\htdocs\antrian\public\index.php(37): CodeIgniter\CodeIgniter->run()
#7 C:\xampp\htdocs\antrian\system\Commands\Server\rewrite.php(43): require_once('C:\\xampp\\htdocs...')
#8 {main}
CRITICAL - 2023-08-07 19:59:20 --> syntax error, unexpected '?>', expecting identifier (T_STRING) or variable (T_VARIABLE) or '{' or '$'
#0 C:\xampp\htdocs\antrian\system\View\View.php(213): CodeIgniter\View\View->CodeIgniter\View\{closure}()
#1 C:\xampp\htdocs\antrian\system\Common.php(1089): CodeIgniter\View\View->render('loket', Array, true)
#2 C:\xampp\htdocs\antrian\app\Controllers\Home.php(70): view('loket')
#3 C:\xampp\htdocs\antrian\system\CodeIgniter.php(832): App\Controllers\Home->loket()
#4 C:\xampp\htdocs\antrian\system\CodeIgniter.php(419): CodeIgniter\CodeIgniter->runController(Object(App\Controllers\Home))
#5 C:\xampp\htdocs\antrian\system\CodeIgniter.php(326): CodeIgniter\CodeIgniter->handleRequest(NULL, Object(Config\Cache), false)
#6 C:\xampp\htdocs\antrian\public\index.php(37): CodeIgniter\CodeIgniter->run()
#7 C:\xampp\htdocs\antrian\system\Commands\Server\rewrite.php(43): require_once('C:\\xampp\\htdocs...')
#8 {main}
CRITICAL - 2023-08-07 20:04:26 --> syntax error, unexpected end of file
#0 C:\xampp\htdocs\antrian\system\View\View.php(213): CodeIgniter\View\View->CodeIgniter\View\{closure}()
#1 C:\xampp\htdocs\antrian\system\Common.php(1089): CodeIgniter\View\View->render('menu', Array, true)
#2 C:\xampp\htdocs\antrian\app\Controllers\Home.php(82): view('menu')
#3 C:\xampp\htdocs\antrian\system\CodeIgniter.php(832): App\Controllers\Home->teller()
#4 C:\xampp\htdocs\antrian\system\CodeIgniter.php(419): CodeIgniter\CodeIgniter->runController(Object(App\Controllers\Home))
#5 C:\xampp\htdocs\antrian\system\CodeIgniter.php(326): CodeIgniter\CodeIgniter->handleRequest(NULL, Object(Config\Cache), false)
#6 C:\xampp\htdocs\antrian\public\index.php(37): CodeIgniter\CodeIgniter->run()
#7 C:\xampp\htdocs\antrian\system\Commands\Server\rewrite.php(43): require_once('C:\\xampp\\htdocs...')
#8 {main}
CRITICAL - 2023-08-07 20:18:57 --> syntax error, unexpected '?>', expecting identifier (T_STRING) or variable (T_VARIABLE) or '{' or '$'
#0 C:\xampp\htdocs\antrian\system\View\View.php(213): CodeIgniter\View\View->CodeIgniter\View\{closure}()
#1 C:\xampp\htdocs\antrian\system\Common.php(1089): CodeIgniter\View\View->render('loket', Array, true)
#2 C:\xampp\htdocs\antrian\app\Controllers\Home.php(70): view('loket')
#3 C:\xampp\htdocs\antrian\system\CodeIgniter.php(832): App\Controllers\Home->loket()
#4 C:\xampp\htdocs\antrian\system\CodeIgniter.php(419): CodeIgniter\CodeIgniter->runController(Object(App\Controllers\Home))
#5 C:\xampp\htdocs\antrian\system\CodeIgniter.php(326): CodeIgniter\CodeIgniter->handleRequest(NULL, Object(Config\Cache), false)
#6 C:\xampp\htdocs\antrian\public\index.php(37): CodeIgniter\CodeIgniter->run()
#7 C:\xampp\htdocs\antrian\system\Commands\Server\rewrite.php(43): require_once('C:\\xampp\\htdocs...')
#8 {main}
CRITICAL - 2023-08-07 20:34:30 --> syntax error, unexpected '?>', expecting identifier (T_STRING) or variable (T_VARIABLE) or '{' or '$'
#0 C:\xampp\htdocs\antrian\system\View\View.php(213): CodeIgniter\View\View->CodeIgniter\View\{closure}()
#1 C:\xampp\htdocs\antrian\system\Common.php(1089): CodeIgniter\View\View->render('loket', Array, true)
#2 C:\xampp\htdocs\antrian\app\Controllers\Home.php(70): view('loket')
#3 C:\xampp\htdocs\antrian\system\CodeIgniter.php(832): App\Controllers\Home->loket()
#4 C:\xampp\htdocs\antrian\system\CodeIgniter.php(419): CodeIgniter\CodeIgniter->runController(Object(App\Controllers\Home))
#5 C:\xampp\htdocs\antrian\system\CodeIgniter.php(326): CodeIgniter\CodeIgniter->handleRequest(NULL, Object(Config\Cache), false)
#6 C:\xampp\htdocs\antrian\public\index.php(37): CodeIgniter\CodeIgniter->run()
#7 C:\xampp\htdocs\antrian\system\Commands\Server\rewrite.php(43): require_once('C:\\xampp\\htdocs...')
#8 {main}
CRITICAL - 2023-08-07 20:46:19 --> syntax error, unexpected '?>', expecting identifier (T_STRING) or variable (T_VARIABLE) or '{' or '$'
#0 C:\xampp\htdocs\antrian\system\View\View.php(213): CodeIgniter\View\View->CodeIgniter\View\{closure}()
#1 C:\xampp\htdocs\antrian\system\Common.php(1089): CodeIgniter\View\View->render('loket', Array, true)
#2 C:\xampp\htdocs\antrian\app\Controllers\Home.php(70): view('loket')
#3 C:\xampp\htdocs\antrian\system\CodeIgniter.php(832): App\Controllers\Home->loket()
#4 C:\xampp\htdocs\antrian\system\CodeIgniter.php(419): CodeIgniter\CodeIgniter->runController(Object(App\Controllers\Home))
#5 C:\xampp\htdocs\antrian\system\CodeIgniter.php(326): CodeIgniter\CodeIgniter->handleRequest(NULL, Object(Config\Cache), false)
#6 C:\xampp\htdocs\antrian\public\index.php(37): CodeIgniter\CodeIgniter->run()
#7 C:\xampp\htdocs\antrian\system\Commands\Server\rewrite.php(43): require_once('C:\\xampp\\htdocs...')
#8 {main}
CRITICAL - 2023-08-07 22:47:45 --> syntax error, unexpected '?>', expecting identifier (T_STRING) or variable (T_VARIABLE) or '{' or '$'
#0 C:\xampp\htdocs\antrian\system\View\View.php(213): CodeIgniter\View\View->CodeIgniter\View\{closure}()
#1 C:\xampp\htdocs\antrian\system\Common.php(1089): CodeIgniter\View\View->render('loket', Array, true)
#2 C:\xampp\htdocs\antrian\app\Controllers\Home.php(70): view('loket')
#3 C:\xampp\htdocs\antrian\system\CodeIgniter.php(832): App\Controllers\Home->loket()
#4 C:\xampp\htdocs\antrian\system\CodeIgniter.php(419): CodeIgniter\CodeIgniter->runController(Object(App\Controllers\Home))
#5 C:\xampp\htdocs\antrian\system\CodeIgniter.php(326): CodeIgniter\CodeIgniter->handleRequest(NULL, Object(Config\Cache), false)
#6 C:\xampp\htdocs\antrian\public\index.php(37): CodeIgniter\CodeIgniter->run()
#7 C:\xampp\htdocs\antrian\system\Commands\Server\rewrite.php(43): require_once('C:\\xampp\\htdocs...')
#8 {main}
CRITICAL - 2023-08-07 22:48:12 --> syntax error, unexpected '?>', expecting identifier (T_STRING) or variable (T_VARIABLE) or '{' or '$'
#0 C:\xampp\htdocs\antrian\system\View\View.php(213): CodeIgniter\View\View->CodeIgniter\View\{closure}()
#1 C:\xampp\htdocs\antrian\system\Common.php(1089): CodeIgniter\View\View->render('loket', Array, true)
#2 C:\xampp\htdocs\antrian\app\Controllers\Home.php(70): view('loket')
#3 C:\xampp\htdocs\antrian\system\CodeIgniter.php(832): App\Controllers\Home->loket()
#4 C:\xampp\htdocs\antrian\system\CodeIgniter.php(419): CodeIgniter\CodeIgniter->runController(Object(App\Controllers\Home))
#5 C:\xampp\htdocs\antrian\system\CodeIgniter.php(326): CodeIgniter\CodeIgniter->handleRequest(NULL, Object(Config\Cache), false)
#6 C:\xampp\htdocs\antrian\public\index.php(37): CodeIgniter\CodeIgniter->run()
#7 C:\xampp\htdocs\antrian\system\Commands\Server\rewrite.php(43): require_once('C:\\xampp\\htdocs...')
#8 {main}
CRITICAL - 2023-08-07 22:55:50 --> Invalid argument supplied for foreach()
#0 C:\xampp\htdocs\antrian\app\Views\loket.php(49): CodeIgniter\Debug\Exceptions->errorHandler(2, 'Invalid argumen...', 'C:\\xampp\\htdocs...', 49, Array)
#1 C:\xampp\htdocs\antrian\system\View\View.php(210): include('C:\\xampp\\htdocs...')
#2 C:\xampp\htdocs\antrian\system\View\View.php(213): CodeIgniter\View\View->CodeIgniter\View\{closure}()
#3 C:\xampp\htdocs\antrian\system\Common.php(1089): CodeIgniter\View\View->render('loket', Array, true)
#4 C:\xampp\htdocs\antrian\app\Controllers\Home.php(70): view('loket')
#5 C:\xampp\htdocs\antrian\system\CodeIgniter.php(832): App\Controllers\Home->loket()
#6 C:\xampp\htdocs\antrian\system\CodeIgniter.php(419): CodeIgniter\CodeIgniter->runController(Object(App\Controllers\Home))
#7 C:\xampp\htdocs\antrian\system\CodeIgniter.php(326): CodeIgniter\CodeIgniter->handleRequest(NULL, Object(Config\Cache), false)
#8 C:\xampp\htdocs\antrian\public\index.php(37): CodeIgniter\CodeIgniter->run()
#9 C:\xampp\htdocs\antrian\system\Commands\Server\rewrite.php(43): require_once('C:\\xampp\\htdocs...')
#10 {main}
CRITICAL - 2023-08-07 22:56:45 --> Invalid argument supplied for foreach()
#0 C:\xampp\htdocs\antrian\app\Views\loket.php(49): CodeIgniter\Debug\Exceptions->errorHandler(2, 'Invalid argumen...', 'C:\\xampp\\htdocs...', 49, Array)
#1 C:\xampp\htdocs\antrian\system\View\View.php(210): include('C:\\xampp\\htdocs...')
#2 C:\xampp\htdocs\antrian\system\View\View.php(213): CodeIgniter\View\View->CodeIgniter\View\{closure}()
#3 C:\xampp\htdocs\antrian\system\Common.php(1089): CodeIgniter\View\View->render('loket', Array, true)
#4 C:\xampp\htdocs\antrian\app\Controllers\Home.php(70): view('loket')
#5 C:\xampp\htdocs\antrian\system\CodeIgniter.php(832): App\Controllers\Home->loket()
#6 C:\xampp\htdocs\antrian\system\CodeIgniter.php(419): CodeIgniter\CodeIgniter->runController(Object(App\Controllers\Home))
#7 C:\xampp\htdocs\antrian\system\CodeIgniter.php(326): CodeIgniter\CodeIgniter->handleRequest(NULL, Object(Config\Cache), false)
#8 C:\xampp\htdocs\antrian\public\index.php(37): CodeIgniter\CodeIgniter->run()
#9 C:\xampp\htdocs\antrian\system\Commands\Server\rewrite.php(43): require_once('C:\\xampp\\htdocs...')
#10 {main}
CRITICAL - 2023-08-07 23:00:03 --> Invalid argument supplied for foreach()
#0 C:\xampp\htdocs\antrian\app\Views\loket.php(49): CodeIgniter\Debug\Exceptions->errorHandler(2, 'Invalid argumen...', 'C:\\xampp\\htdocs...', 49, Array)
#1 C:\xampp\htdocs\antrian\system\View\View.php(210): include('C:\\xampp\\htdocs...')
#2 C:\xampp\htdocs\antrian\system\View\View.php(213): CodeIgniter\View\View->CodeIgniter\View\{closure}()
#3 C:\xampp\htdocs\antrian\system\Common.php(1089): CodeIgniter\View\View->render('loket', Array, true)
#4 C:\xampp\htdocs\antrian\app\Controllers\Home.php(72): view('loket')
#5 C:\xampp\htdocs\antrian\system\CodeIgniter.php(832): App\Controllers\Home->loket()
#6 C:\xampp\htdocs\antrian\system\CodeIgniter.php(419): CodeIgniter\CodeIgniter->runController(Object(App\Controllers\Home))
#7 C:\xampp\htdocs\antrian\system\CodeIgniter.php(326): CodeIgniter\CodeIgniter->handleRequest(NULL, Object(Config\Cache), false)
#8 C:\xampp\htdocs\antrian\public\index.php(37): CodeIgniter\CodeIgniter->run()
#9 C:\xampp\htdocs\antrian\system\Commands\Server\rewrite.php(43): require_once('C:\\xampp\\htdocs...')
#10 {main}
CRITICAL - 2023-08-07 23:18:44 --> Cannot redeclare App\Controllers\Home::editloket()
#0 [internal function]: CodeIgniter\Debug\Exceptions->shutdownHandler()
#1 {main}
CRITICAL - 2023-08-07 23:20:01 --> You must set the database table to be used with your query.
#0 C:\xampp\htdocs\antrian\system\Model.php(545): CodeIgniter\Database\BaseConnection->table(NULL)
#1 C:\xampp\htdocs\antrian\system\Model.php(722): CodeIgniter\Model->builder()
#2 C:\xampp\htdocs\antrian\app\Controllers\Home.php(84): CodeIgniter\Model->__call('getRow', Array)
#3 C:\xampp\htdocs\antrian\system\CodeIgniter.php(832): App\Controllers\Home->editloket('1')
#4 C:\xampp\htdocs\antrian\system\CodeIgniter.php(419): CodeIgniter\CodeIgniter->runController(Object(App\Controllers\Home))
#5 C:\xampp\htdocs\antrian\system\CodeIgniter.php(326): CodeIgniter\CodeIgniter->handleRequest(NULL, Object(Config\Cache), false)
#6 C:\xampp\htdocs\antrian\public\index.php(37): CodeIgniter\CodeIgniter->run()
#7 C:\xampp\htdocs\antrian\system\Commands\Server\rewrite.php(43): require_once('C:\\xampp\\htdocs...')
#8 {main}
CRITICAL - 2023-08-07 23:25:48 --> You must set the database table to be used with your query.
#0 C:\xampp\htdocs\antrian\system\Model.php(545): CodeIgniter\Database\BaseConnection->table(NULL)
#1 C:\xampp\htdocs\antrian\system\Model.php(722): CodeIgniter\Model->builder()
#2 C:\xampp\htdocs\antrian\app\Controllers\Home.php(84): CodeIgniter\Model->__call('getRow', Array)
#3 C:\xampp\htdocs\antrian\system\CodeIgniter.php(832): App\Controllers\Home->editloket('1')
#4 C:\xampp\htdocs\antrian\system\CodeIgniter.php(419): CodeIgniter\CodeIgniter->runController(Object(App\Controllers\Home))
#5 C:\xampp\htdocs\antrian\system\CodeIgniter.php(326): CodeIgniter\CodeIgniter->handleRequest(NULL, Object(Config\Cache), false)
#6 C:\xampp\htdocs\antrian\public\index.php(37): CodeIgniter\CodeIgniter->run()
#7 C:\xampp\htdocs\antrian\system\Commands\Server\rewrite.php(43): require_once('C:\\xampp\\htdocs...')
#8 {main}
CRITICAL - 2023-08-07 23:28:05 --> syntax error, unexpected 'public' (T_PUBLIC)
#0 C:\xampp\htdocs\antrian\system\Router\Router.php(175): CodeIgniter\Router\Router->autoRoute('home/editloket/...')
#1 C:\xampp\htdocs\antrian\system\CodeIgniter.php(726): CodeIgniter\Router\Router->handle('home/editloket/...')
#2 C:\xampp\htdocs\antrian\system\CodeIgniter.php(368): CodeIgniter\CodeIgniter->tryToRouteIt(Object(CodeIgniter\Router\RouteCollection))
#3 C:\xampp\htdocs\antrian\system\CodeIgniter.php(326): CodeIgniter\CodeIgniter->handleRequest(NULL, Object(Config\Cache), false)
#4 C:\xampp\htdocs\antrian\public\index.php(37): CodeIgniter\CodeIgniter->run()
#5 C:\xampp\htdocs\antrian\system\Commands\Server\rewrite.php(43): require_once('C:\\xampp\\htdocs...')
#6 {main}
CRITICAL - 2023-08-07 23:28:22 --> You must set the database table to be used with your query.
#0 C:\xampp\htdocs\antrian\system\Model.php(545): CodeIgniter\Database\BaseConnection->table(NULL)
#1 C:\xampp\htdocs\antrian\system\Model.php(722): CodeIgniter\Model->builder()
#2 C:\xampp\htdocs\antrian\app\Controllers\Home.php(84): CodeIgniter\Model->__call('getRow', Array)
#3 C:\xampp\htdocs\antrian\system\CodeIgniter.php(832): App\Controllers\Home->editloket('1')
#4 C:\xampp\htdocs\antrian\system\CodeIgniter.php(419): CodeIgniter\CodeIgniter->runController(Object(App\Controllers\Home))
#5 C:\xampp\htdocs\antrian\system\CodeIgniter.php(326): CodeIgniter\CodeIgniter->handleRequest(NULL, Object(Config\Cache), false)
#6 C:\xampp\htdocs\antrian\public\index.php(37): CodeIgniter\CodeIgniter->run()
#7 C:\xampp\htdocs\antrian\system\Commands\Server\rewrite.php(43): require_once('C:\\xampp\\htdocs...')
#8 {main}
CRITICAL - 2023-08-07 23:28:47 --> You must set the database table to be used with your query.
#0 C:\xampp\htdocs\antrian\system\Model.php(545): CodeIgniter\Database\BaseConnection->table(NULL)
#1 C:\xampp\htdocs\antrian\system\Model.php(722): CodeIgniter\Model->builder()
#2 C:\xampp\htdocs\antrian\app\Controllers\Home.php(84): CodeIgniter\Model->__call('getRow', Array)
#3 C:\xampp\htdocs\antrian\system\CodeIgniter.php(832): App\Controllers\Home->editloket('1')
#4 C:\xampp\htdocs\antrian\system\CodeIgniter.php(419): CodeIgniter\CodeIgniter->runController(Object(App\Controllers\Home))
#5 C:\xampp\htdocs\antrian\system\CodeIgniter.php(326): CodeIgniter\CodeIgniter->handleRequest(NULL, Object(Config\Cache), false)
#6 C:\xampp\htdocs\antrian\public\index.php(37): CodeIgniter\CodeIgniter->run()
#7 C:\xampp\htdocs\antrian\system\Commands\Server\rewrite.php(43): require_once('C:\\xampp\\htdocs...')
#8 {main}
CRITICAL - 2023-08-07 23:29:22 --> You must set the database table to be used with your query.
#0 C:\xampp\htdocs\antrian\system\Model.php(545): CodeIgniter\Database\BaseConnection->table(NULL)
#1 C:\xampp\htdocs\antrian\system\Model.php(722): CodeIgniter\Model->builder()
#2 C:\xampp\htdocs\antrian\app\Controllers\Home.php(84): CodeIgniter\Model->__call('getRow', Array)
#3 C:\xampp\htdocs\antrian\system\CodeIgniter.php(832): App\Controllers\Home->editloket('1')
#4 C:\xampp\htdocs\antrian\system\CodeIgniter.php(419): CodeIgniter\CodeIgniter->runController(Object(App\Controllers\Home))
#5 C:\xampp\htdocs\antrian\system\CodeIgniter.php(326): CodeIgniter\CodeIgniter->handleRequest(NULL, Object(Config\Cache), false)
#6 C:\xampp\htdocs\antrian\public\index.php(37): CodeIgniter\CodeIgniter->run()
#7 C:\xampp\htdocs\antrian\system\Commands\Server\rewrite.php(43): require_once('C:\\xampp\\htdocs...')
#8 {main}
CRITICAL - 2023-08-07 23:31:22 --> You must set the database table to be used with your query.
#0 C:\xampp\htdocs\antrian\system\Model.php(545): CodeIgniter\Database\BaseConnection->table(NULL)
#1 C:\xampp\htdocs\antrian\system\Model.php(722): CodeIgniter\Model->builder()
#2 C:\xampp\htdocs\antrian\app\Controllers\Home.php(84): CodeIgniter\Model->__call('getRow', Array)
#3 C:\xampp\htdocs\antrian\system\CodeIgniter.php(832): App\Controllers\Home->editloket('1')
#4 C:\xampp\htdocs\antrian\system\CodeIgniter.php(419): CodeIgniter\CodeIgniter->runController(Object(App\Controllers\Home))
#5 C:\xampp\htdocs\antrian\system\CodeIgniter.php(326): CodeIgniter\CodeIgniter->handleRequest(NULL, Object(Config\Cache), false)
#6 C:\xampp\htdocs\antrian\public\index.php(37): CodeIgniter\CodeIgniter->run()
#7 C:\xampp\htdocs\antrian\system\Commands\Server\rewrite.php(43): require_once('C:\\xampp\\htdocs...')
#8 {main}
CRITICAL - 2023-08-07 23:33:20 --> You must set the database table to be used with your query.
#0 C:\xampp\htdocs\antrian\system\Model.php(545): CodeIgniter\Database\BaseConnection->table(NULL)
#1 C:\xampp\htdocs\antrian\system\Model.php(722): CodeIgniter\Model->builder()
#2 C:\xampp\htdocs\antrian\app\Controllers\Home.php(84): CodeIgniter\Model->__call('getRow', Array)
#3 C:\xampp\htdocs\antrian\system\CodeIgniter.php(832): App\Controllers\Home->editloket('1')
#4 C:\xampp\htdocs\antrian\system\CodeIgniter.php(419): CodeIgniter\CodeIgniter->runController(Object(App\Controllers\Home))
#5 C:\xampp\htdocs\antrian\system\CodeIgniter.php(326): CodeIgniter\CodeIgniter->handleRequest(NULL, Object(Config\Cache), false)
#6 C:\xampp\htdocs\antrian\public\index.php(37): CodeIgniter\CodeIgniter->run()
#7 C:\xampp\htdocs\antrian\system\Commands\Server\rewrite.php(43): require_once('C:\\xampp\\htdocs...')
#8 {main}
CRITICAL - 2023-08-07 23:33:24 --> You must set the database table to be used with your query.
#0 C:\xampp\htdocs\antrian\system\Model.php(545): CodeIgniter\Database\BaseConnection->table(NULL)
#1 C:\xampp\htdocs\antrian\system\Model.php(722): CodeIgniter\Model->builder()
#2 C:\xampp\htdocs\antrian\app\Controllers\Home.php(84): CodeIgniter\Model->__call('getRow', Array)
#3 C:\xampp\htdocs\antrian\system\CodeIgniter.php(832): App\Controllers\Home->editloket('1')
#4 C:\xampp\htdocs\antrian\system\CodeIgniter.php(419): CodeIgniter\CodeIgniter->runController(Object(App\Controllers\Home))
#5 C:\xampp\htdocs\antrian\system\CodeIgniter.php(326): CodeIgniter\CodeIgniter->handleRequest(NULL, Object(Config\Cache), false)
#6 C:\xampp\htdocs\antrian\public\index.php(37): CodeIgniter\CodeIgniter->run()
#7 C:\xampp\htdocs\antrian\system\Commands\Server\rewrite.php(43): require_once('C:\\xampp\\htdocs...')
#8 {main}
CRITICAL - 2023-08-07 23:35:05 --> You must set the database table to be used with your query.
#0 C:\xampp\htdocs\antrian\system\Model.php(545): CodeIgniter\Database\BaseConnection->table(NULL)
#1 C:\xampp\htdocs\antrian\system\Model.php(722): CodeIgniter\Model->builder()
#2 C:\xampp\htdocs\antrian\app\Controllers\Home.php(84): CodeIgniter\Model->__call('getRow', Array)
#3 C:\xampp\htdocs\antrian\system\CodeIgniter.php(832): App\Controllers\Home->editloket('1')
#4 C:\xampp\htdocs\antrian\system\CodeIgniter.php(419): CodeIgniter\CodeIgniter->runController(Object(App\Controllers\Home))
#5 C:\xampp\htdocs\antrian\system\CodeIgniter.php(326): CodeIgniter\CodeIgniter->handleRequest(NULL, Object(Config\Cache), false)
#6 C:\xampp\htdocs\antrian\public\index.php(37): CodeIgniter\CodeIgniter->run()
#7 C:\xampp\htdocs\antrian\system\Commands\Server\rewrite.php(43): require_once('C:\\xampp\\htdocs...')
#8 {main}
CRITICAL - 2023-08-07 23:38:44 --> You must set the database table to be used with your query.
#0 C:\xampp\htdocs\antrian\system\Model.php(545): CodeIgniter\Database\BaseConnection->table(NULL)
#1 C:\xampp\htdocs\antrian\system\Model.php(722): CodeIgniter\Model->builder()
#2 C:\xampp\htdocs\antrian\app\Controllers\Home.php(110): CodeIgniter\Model->__call('edit', Array)
#3 C:\xampp\htdocs\antrian\system\CodeIgniter.php(832): App\Controllers\Home->aksieditloket()
#4 C:\xampp\htdocs\antrian\system\CodeIgniter.php(419): CodeIgniter\CodeIgniter->runController(Object(App\Controllers\Home))
#5 C:\xampp\htdocs\antrian\system\CodeIgniter.php(326): CodeIgniter\CodeIgniter->handleRequest(NULL, Object(Config\Cache), false)
#6 C:\xampp\htdocs\antrian\public\index.php(37): CodeIgniter\CodeIgniter->run()
#7 C:\xampp\htdocs\antrian\system\Commands\Server\rewrite.php(43): require_once('C:\\xampp\\htdocs...')
#8 {main}
