CRITICAL - 2023-09-13 18:17:04 --> syntax error, unexpected '<'
#0 C:\xampp\htdocs\buku\system\Autoloader\Autoloader.php(241): CodeIgniter\Autoloader\Autoloader->includeFile('C:\\xampp\\htdocs...')
#1 C:\xampp\htdocs\buku\system\Autoloader\Autoloader.php(219): CodeIgniter\Autoloader\Autoloader->loadInNamespace('App\\Controllers...')
#2 [internal function]: CodeIgniter\Autoloader\Autoloader->loadClass('App\\Controllers...')
#3 [internal function]: spl_autoload_call('App\\Controllers...')
#4 C:\xampp\htdocs\buku\system\CodeIgniter.php(797): class_exists('\\App\\Controller...', true)
#5 C:\xampp\htdocs\buku\system\CodeIgniter.php(406): CodeIgniter\CodeIgniter->startController()
#6 C:\xampp\htdocs\buku\system\CodeIgniter.php(326): CodeIgniter\CodeIgniter->handleRequest(NULL, Object(Config\Cache), false)
#7 C:\xampp\htdocs\buku\public\index.php(37): CodeIgniter\CodeIgniter->run()
#8 C:\xampp\htdocs\buku\system\Commands\Server\rewrite.php(43): require_once('C:\\xampp\\htdocs...')
#9 {main}
CRITICAL - 2023-09-13 18:17:04 --> syntax error, unexpected '<'
#0 C:\xampp\htdocs\buku\system\Autoloader\Autoloader.php(241): CodeIgniter\Autoloader\Autoloader->includeFile('C:\\xampp\\htdocs...')
#1 C:\xampp\htdocs\buku\system\Autoloader\Autoloader.php(219): CodeIgniter\Autoloader\Autoloader->loadInNamespace('App\\Controllers...')
#2 [internal function]: CodeIgniter\Autoloader\Autoloader->loadClass('App\\Controllers...')
#3 [internal function]: spl_autoload_call('App\\Controllers...')
#4 C:\xampp\htdocs\buku\system\CodeIgniter.php(797): class_exists('\\App\\Controller...', true)
#5 C:\xampp\htdocs\buku\system\CodeIgniter.php(406): CodeIgniter\CodeIgniter->startController()
#6 C:\xampp\htdocs\buku\system\CodeIgniter.php(326): CodeIgniter\CodeIgniter->handleRequest(NULL, Object(Config\Cache), false)
#7 C:\xampp\htdocs\buku\public\index.php(37): CodeIgniter\CodeIgniter->run()
#8 C:\xampp\htdocs\buku\system\Commands\Server\rewrite.php(43): require_once('C:\\xampp\\htdocs...')
#9 {main}
CRITICAL - 2023-09-13 18:18:35 --> syntax error, unexpected 'public' (T_PUBLIC)
#0 C:\xampp\htdocs\buku\system\Autoloader\Autoloader.php(241): CodeIgniter\Autoloader\Autoloader->includeFile('C:\\xampp\\htdocs...')
#1 C:\xampp\htdocs\buku\system\Autoloader\Autoloader.php(219): CodeIgniter\Autoloader\Autoloader->loadInNamespace('App\\Controllers...')
#2 [internal function]: CodeIgniter\Autoloader\Autoloader->loadClass('App\\Controllers...')
#3 [internal function]: spl_autoload_call('App\\Controllers...')
#4 C:\xampp\htdocs\buku\system\CodeIgniter.php(797): class_exists('\\App\\Controller...', true)
#5 C:\xampp\htdocs\buku\system\CodeIgniter.php(406): CodeIgniter\CodeIgniter->startController()
#6 C:\xampp\htdocs\buku\system\CodeIgniter.php(326): CodeIgniter\CodeIgniter->handleRequest(NULL, Object(Config\Cache), false)
#7 C:\xampp\htdocs\buku\public\index.php(37): CodeIgniter\CodeIgniter->run()
#8 C:\xampp\htdocs\buku\system\Commands\Server\rewrite.php(43): require_once('C:\\xampp\\htdocs...')
#9 {main}
CRITICAL - 2023-09-13 18:18:51 --> syntax error, unexpected 'public' (T_PUBLIC)
#0 C:\xampp\htdocs\buku\system\Autoloader\Autoloader.php(241): CodeIgniter\Autoloader\Autoloader->includeFile('C:\\xampp\\htdocs...')
#1 C:\xampp\htdocs\buku\system\Autoloader\Autoloader.php(219): CodeIgniter\Autoloader\Autoloader->loadInNamespace('App\\Controllers...')
#2 [internal function]: CodeIgniter\Autoloader\Autoloader->loadClass('App\\Controllers...')
#3 [internal function]: spl_autoload_call('App\\Controllers...')
#4 C:\xampp\htdocs\buku\system\CodeIgniter.php(797): class_exists('\\App\\Controller...', true)
#5 C:\xampp\htdocs\buku\system\CodeIgniter.php(406): CodeIgniter\CodeIgniter->startController()
#6 C:\xampp\htdocs\buku\system\CodeIgniter.php(326): CodeIgniter\CodeIgniter->handleRequest(NULL, Object(Config\Cache), false)
#7 C:\xampp\htdocs\buku\public\index.php(37): CodeIgniter\CodeIgniter->run()
#8 C:\xampp\htdocs\buku\system\Commands\Server\rewrite.php(43): require_once('C:\\xampp\\htdocs...')
#9 {main}
CRITICAL - 2023-09-13 18:18:52 --> syntax error, unexpected 'public' (T_PUBLIC)
#0 C:\xampp\htdocs\buku\system\Autoloader\Autoloader.php(241): CodeIgniter\Autoloader\Autoloader->includeFile('C:\\xampp\\htdocs...')
#1 C:\xampp\htdocs\buku\system\Autoloader\Autoloader.php(219): CodeIgniter\Autoloader\Autoloader->loadInNamespace('App\\Controllers...')
#2 [internal function]: CodeIgniter\Autoloader\Autoloader->loadClass('App\\Controllers...')
#3 [internal function]: spl_autoload_call('App\\Controllers...')
#4 C:\xampp\htdocs\buku\system\CodeIgniter.php(797): class_exists('\\App\\Controller...', true)
#5 C:\xampp\htdocs\buku\system\CodeIgniter.php(406): CodeIgniter\CodeIgniter->startController()
#6 C:\xampp\htdocs\buku\system\CodeIgniter.php(326): CodeIgniter\CodeIgniter->handleRequest(NULL, Object(Config\Cache), false)
#7 C:\xampp\htdocs\buku\public\index.php(37): CodeIgniter\CodeIgniter->run()
#8 C:\xampp\htdocs\buku\system\Commands\Server\rewrite.php(43): require_once('C:\\xampp\\htdocs...')
#9 {main}
CRITICAL - 2023-09-13 18:18:52 --> syntax error, unexpected 'public' (T_PUBLIC)
#0 C:\xampp\htdocs\buku\system\Autoloader\Autoloader.php(241): CodeIgniter\Autoloader\Autoloader->includeFile('C:\\xampp\\htdocs...')
#1 C:\xampp\htdocs\buku\system\Autoloader\Autoloader.php(219): CodeIgniter\Autoloader\Autoloader->loadInNamespace('App\\Controllers...')
#2 [internal function]: CodeIgniter\Autoloader\Autoloader->loadClass('App\\Controllers...')
#3 [internal function]: spl_autoload_call('App\\Controllers...')
#4 C:\xampp\htdocs\buku\system\CodeIgniter.php(797): class_exists('\\App\\Controller...', true)
#5 C:\xampp\htdocs\buku\system\CodeIgniter.php(406): CodeIgniter\CodeIgniter->startController()
#6 C:\xampp\htdocs\buku\system\CodeIgniter.php(326): CodeIgniter\CodeIgniter->handleRequest(NULL, Object(Config\Cache), false)
#7 C:\xampp\htdocs\buku\public\index.php(37): CodeIgniter\CodeIgniter->run()
#8 C:\xampp\htdocs\buku\system\Commands\Server\rewrite.php(43): require_once('C:\\xampp\\htdocs...')
#9 {main}
CRITICAL - 2023-09-13 18:20:09 --> syntax error, unexpected 'public' (T_PUBLIC)
#0 C:\xampp\htdocs\buku\system\Autoloader\Autoloader.php(241): CodeIgniter\Autoloader\Autoloader->includeFile('C:\\xampp\\htdocs...')
#1 C:\xampp\htdocs\buku\system\Autoloader\Autoloader.php(219): CodeIgniter\Autoloader\Autoloader->loadInNamespace('App\\Controllers...')
#2 [internal function]: CodeIgniter\Autoloader\Autoloader->loadClass('App\\Controllers...')
#3 [internal function]: spl_autoload_call('App\\Controllers...')
#4 C:\xampp\htdocs\buku\system\CodeIgniter.php(797): class_exists('\\App\\Controller...', true)
#5 C:\xampp\htdocs\buku\system\CodeIgniter.php(406): CodeIgniter\CodeIgniter->startController()
#6 C:\xampp\htdocs\buku\system\CodeIgniter.php(326): CodeIgniter\CodeIgniter->handleRequest(NULL, Object(Config\Cache), false)
#7 C:\xampp\htdocs\buku\public\index.php(37): CodeIgniter\CodeIgniter->run()
#8 C:\xampp\htdocs\buku\system\Commands\Server\rewrite.php(43): require_once('C:\\xampp\\htdocs...')
#9 {main}
CRITICAL - 2023-09-13 18:20:10 --> syntax error, unexpected 'public' (T_PUBLIC)
#0 C:\xampp\htdocs\buku\system\Autoloader\Autoloader.php(241): CodeIgniter\Autoloader\Autoloader->includeFile('C:\\xampp\\htdocs...')
#1 C:\xampp\htdocs\buku\system\Autoloader\Autoloader.php(219): CodeIgniter\Autoloader\Autoloader->loadInNamespace('App\\Controllers...')
#2 [internal function]: CodeIgniter\Autoloader\Autoloader->loadClass('App\\Controllers...')
#3 [internal function]: spl_autoload_call('App\\Controllers...')
#4 C:\xampp\htdocs\buku\system\CodeIgniter.php(797): class_exists('\\App\\Controller...', true)
#5 C:\xampp\htdocs\buku\system\CodeIgniter.php(406): CodeIgniter\CodeIgniter->startController()
#6 C:\xampp\htdocs\buku\system\CodeIgniter.php(326): CodeIgniter\CodeIgniter->handleRequest(NULL, Object(Config\Cache), false)
#7 C:\xampp\htdocs\buku\public\index.php(37): CodeIgniter\CodeIgniter->run()
#8 C:\xampp\htdocs\buku\system\Commands\Server\rewrite.php(43): require_once('C:\\xampp\\htdocs...')
#9 {main}
CRITICAL - 2023-09-13 18:20:11 --> syntax error, unexpected 'public' (T_PUBLIC)
#0 C:\xampp\htdocs\buku\system\Autoloader\Autoloader.php(241): CodeIgniter\Autoloader\Autoloader->includeFile('C:\\xampp\\htdocs...')
#1 C:\xampp\htdocs\buku\system\Autoloader\Autoloader.php(219): CodeIgniter\Autoloader\Autoloader->loadInNamespace('App\\Controllers...')
#2 [internal function]: CodeIgniter\Autoloader\Autoloader->loadClass('App\\Controllers...')
#3 [internal function]: spl_autoload_call('App\\Controllers...')
#4 C:\xampp\htdocs\buku\system\CodeIgniter.php(797): class_exists('\\App\\Controller...', true)
#5 C:\xampp\htdocs\buku\system\CodeIgniter.php(406): CodeIgniter\CodeIgniter->startController()
#6 C:\xampp\htdocs\buku\system\CodeIgniter.php(326): CodeIgniter\CodeIgniter->handleRequest(NULL, Object(Config\Cache), false)
#7 C:\xampp\htdocs\buku\public\index.php(37): CodeIgniter\CodeIgniter->run()
#8 C:\xampp\htdocs\buku\system\Commands\Server\rewrite.php(43): require_once('C:\\xampp\\htdocs...')
#9 {main}
CRITICAL - 2023-09-13 18:20:41 --> syntax error, unexpected 'public' (T_PUBLIC)
#0 C:\xampp\htdocs\buku\system\Autoloader\Autoloader.php(241): CodeIgniter\Autoloader\Autoloader->includeFile('C:\\xampp\\htdocs...')
#1 C:\xampp\htdocs\buku\system\Autoloader\Autoloader.php(219): CodeIgniter\Autoloader\Autoloader->loadInNamespace('App\\Controllers...')
#2 [internal function]: CodeIgniter\Autoloader\Autoloader->loadClass('App\\Controllers...')
#3 [internal function]: spl_autoload_call('App\\Controllers...')
#4 C:\xampp\htdocs\buku\system\CodeIgniter.php(797): class_exists('\\App\\Controller...', true)
#5 C:\xampp\htdocs\buku\system\CodeIgniter.php(406): CodeIgniter\CodeIgniter->startController()
#6 C:\xampp\htdocs\buku\system\CodeIgniter.php(326): CodeIgniter\CodeIgniter->handleRequest(NULL, Object(Config\Cache), false)
#7 C:\xampp\htdocs\buku\public\index.php(37): CodeIgniter\CodeIgniter->run()
#8 C:\xampp\htdocs\buku\system\Commands\Server\rewrite.php(43): require_once('C:\\xampp\\htdocs...')
#9 {main}
CRITICAL - 2023-09-13 18:21:08 --> syntax error, unexpected 'public' (T_PUBLIC)
#0 C:\xampp\htdocs\buku\system\Autoloader\Autoloader.php(241): CodeIgniter\Autoloader\Autoloader->includeFile('C:\\xampp\\htdocs...')
#1 C:\xampp\htdocs\buku\system\Autoloader\Autoloader.php(219): CodeIgniter\Autoloader\Autoloader->loadInNamespace('App\\Controllers...')
#2 [internal function]: CodeIgniter\Autoloader\Autoloader->loadClass('App\\Controllers...')
#3 [internal function]: spl_autoload_call('App\\Controllers...')
#4 C:\xampp\htdocs\buku\system\CodeIgniter.php(797): class_exists('\\App\\Controller...', true)
#5 C:\xampp\htdocs\buku\system\CodeIgniter.php(406): CodeIgniter\CodeIgniter->startController()
#6 C:\xampp\htdocs\buku\system\CodeIgniter.php(326): CodeIgniter\CodeIgniter->handleRequest(NULL, Object(Config\Cache), false)
#7 C:\xampp\htdocs\buku\public\index.php(37): CodeIgniter\CodeIgniter->run()
#8 C:\xampp\htdocs\buku\system\Commands\Server\rewrite.php(43): require_once('C:\\xampp\\htdocs...')
#9 {main}
CRITICAL - 2023-09-13 18:22:09 --> Invalid file: User/tambah_mapel.php
#0 C:\xampp\htdocs\buku\system\View\View.php(198): CodeIgniter\Exceptions\FrameworkException::forInvalidFile('User/tambah_map...')
#1 C:\xampp\htdocs\buku\system\Common.php(1089): CodeIgniter\View\View->render('User/tambah_map...', Array, true)
#2 C:\xampp\htdocs\buku\app\Controllers\Home.php(104): view('User/tambah_map...')
#3 C:\xampp\htdocs\buku\system\CodeIgniter.php(832): App\Controllers\Home->tambah_mapel()
#4 C:\xampp\htdocs\buku\system\CodeIgniter.php(419): CodeIgniter\CodeIgniter->runController(Object(App\Controllers\Home))
#5 C:\xampp\htdocs\buku\system\CodeIgniter.php(326): CodeIgniter\CodeIgniter->handleRequest(NULL, Object(Config\Cache), false)
#6 C:\xampp\htdocs\buku\public\index.php(37): CodeIgniter\CodeIgniter->run()
#7 C:\xampp\htdocs\buku\system\Commands\Server\rewrite.php(43): require_once('C:\\xampp\\htdocs...')
#8 {main}
CRITICAL - 2023-09-13 18:22:32 --> Invalid file: User/tambah_mapel.php
#0 C:\xampp\htdocs\buku\system\View\View.php(198): CodeIgniter\Exceptions\FrameworkException::forInvalidFile('User/tambah_map...')
#1 C:\xampp\htdocs\buku\system\Common.php(1089): CodeIgniter\View\View->render('User/tambah_map...', Array, true)
#2 C:\xampp\htdocs\buku\app\Controllers\Home.php(104): view('User/tambah_map...')
#3 C:\xampp\htdocs\buku\system\CodeIgniter.php(832): App\Controllers\Home->tambah_mapel()
#4 C:\xampp\htdocs\buku\system\CodeIgniter.php(419): CodeIgniter\CodeIgniter->runController(Object(App\Controllers\Home))
#5 C:\xampp\htdocs\buku\system\CodeIgniter.php(326): CodeIgniter\CodeIgniter->handleRequest(NULL, Object(Config\Cache), false)
#6 C:\xampp\htdocs\buku\public\index.php(37): CodeIgniter\CodeIgniter->run()
#7 C:\xampp\htdocs\buku\system\Commands\Server\rewrite.php(43): require_once('C:\\xampp\\htdocs...')
#8 {main}
CRITICAL - 2023-09-13 20:07:52 --> Invalid file: User/tambah_mapel.php
#0 C:\xampp\htdocs\buku\system\View\View.php(198): CodeIgniter\Exceptions\FrameworkException::forInvalidFile('User/tambah_map...')
#1 C:\xampp\htdocs\buku\system\Common.php(1089): CodeIgniter\View\View->render('User/tambah_map...', Array, true)
#2 C:\xampp\htdocs\buku\app\Controllers\Home.php(104): view('User/tambah_map...')
#3 C:\xampp\htdocs\buku\system\CodeIgniter.php(832): App\Controllers\Home->tambah_mapel()
#4 C:\xampp\htdocs\buku\system\CodeIgniter.php(419): CodeIgniter\CodeIgniter->runController(Object(App\Controllers\Home))
#5 C:\xampp\htdocs\buku\system\CodeIgniter.php(326): CodeIgniter\CodeIgniter->handleRequest(NULL, Object(Config\Cache), false)
#6 C:\xampp\htdocs\buku\public\index.php(37): CodeIgniter\CodeIgniter->run()
#7 C:\xampp\htdocs\buku\system\Commands\Server\rewrite.php(43): require_once('C:\\xampp\\htdocs...')
#8 {main}
CRITICAL - 2023-09-13 20:09:03 --> syntax error, unexpected '$correctAnswer' (T_VARIABLE), expecting function (T_FUNCTION) or const (T_CONST)
#0 C:\xampp\htdocs\buku\system\Router\Router.php(175): CodeIgniter\Router\Router->autoRoute('Home/tambah_map...')
#1 C:\xampp\htdocs\buku\system\CodeIgniter.php(726): CodeIgniter\Router\Router->handle('Home/tambah_map...')
#2 C:\xampp\htdocs\buku\system\CodeIgniter.php(368): CodeIgniter\CodeIgniter->tryToRouteIt(Object(CodeIgniter\Router\RouteCollection))
#3 C:\xampp\htdocs\buku\system\CodeIgniter.php(326): CodeIgniter\CodeIgniter->handleRequest(NULL, Object(Config\Cache), false)
#4 C:\xampp\htdocs\buku\public\index.php(37): CodeIgniter\CodeIgniter->run()
#5 C:\xampp\htdocs\buku\system\Commands\Server\rewrite.php(43): require_once('C:\\xampp\\htdocs...')
#6 {main}
CRITICAL - 2023-09-13 20:09:16 --> Invalid file: User/tambah_mapel.php
#0 C:\xampp\htdocs\buku\system\View\View.php(198): CodeIgniter\Exceptions\FrameworkException::forInvalidFile('User/tambah_map...')
#1 C:\xampp\htdocs\buku\system\Common.php(1089): CodeIgniter\View\View->render('User/tambah_map...', Array, true)
#2 C:\xampp\htdocs\buku\app\Controllers\Home.php(104): view('User/tambah_map...')
#3 C:\xampp\htdocs\buku\system\CodeIgniter.php(832): App\Controllers\Home->tambah_mapel()
#4 C:\xampp\htdocs\buku\system\CodeIgniter.php(419): CodeIgniter\CodeIgniter->runController(Object(App\Controllers\Home))
#5 C:\xampp\htdocs\buku\system\CodeIgniter.php(326): CodeIgniter\CodeIgniter->handleRequest(NULL, Object(Config\Cache), false)
#6 C:\xampp\htdocs\buku\public\index.php(37): CodeIgniter\CodeIgniter->run()
#7 C:\xampp\htdocs\buku\system\Commands\Server\rewrite.php(43): require_once('C:\\xampp\\htdocs...')
#8 {main}
CRITICAL - 2023-09-13 20:10:37 --> Invalid file: User/tambah_mapel.php
#0 C:\xampp\htdocs\buku\system\View\View.php(198): CodeIgniter\Exceptions\FrameworkException::forInvalidFile('User/tambah_map...')
#1 C:\xampp\htdocs\buku\system\Common.php(1089): CodeIgniter\View\View->render('User/tambah_map...', Array, true)
#2 C:\xampp\htdocs\buku\app\Controllers\Home.php(104): view('User/tambah_map...')
#3 C:\xampp\htdocs\buku\system\CodeIgniter.php(832): App\Controllers\Home->tambah_mapel()
#4 C:\xampp\htdocs\buku\system\CodeIgniter.php(419): CodeIgniter\CodeIgniter->runController(Object(App\Controllers\Home))
#5 C:\xampp\htdocs\buku\system\CodeIgniter.php(326): CodeIgniter\CodeIgniter->handleRequest(NULL, Object(Config\Cache), false)
#6 C:\xampp\htdocs\buku\public\index.php(37): CodeIgniter\CodeIgniter->run()
#7 C:\xampp\htdocs\buku\system\Commands\Server\rewrite.php(43): require_once('C:\\xampp\\htdocs...')
#8 {main}
CRITICAL - 2023-09-13 20:10:39 --> Invalid file: User/tambah_mapel.php
#0 C:\xampp\htdocs\buku\system\View\View.php(198): CodeIgniter\Exceptions\FrameworkException::forInvalidFile('User/tambah_map...')
#1 C:\xampp\htdocs\buku\system\Common.php(1089): CodeIgniter\View\View->render('User/tambah_map...', Array, true)
#2 C:\xampp\htdocs\buku\app\Controllers\Home.php(104): view('User/tambah_map...')
#3 C:\xampp\htdocs\buku\system\CodeIgniter.php(832): App\Controllers\Home->tambah_mapel()
#4 C:\xampp\htdocs\buku\system\CodeIgniter.php(419): CodeIgniter\CodeIgniter->runController(Object(App\Controllers\Home))
#5 C:\xampp\htdocs\buku\system\CodeIgniter.php(326): CodeIgniter\CodeIgniter->handleRequest(NULL, Object(Config\Cache), false)
#6 C:\xampp\htdocs\buku\public\index.php(37): CodeIgniter\CodeIgniter->run()
#7 C:\xampp\htdocs\buku\system\Commands\Server\rewrite.php(43): require_once('C:\\xampp\\htdocs...')
#8 {main}
CRITICAL - 2023-09-13 20:10:41 --> Invalid file: User/tambah_mapel.php
#0 C:\xampp\htdocs\buku\system\View\View.php(198): CodeIgniter\Exceptions\FrameworkException::forInvalidFile('User/tambah_map...')
#1 C:\xampp\htdocs\buku\system\Common.php(1089): CodeIgniter\View\View->render('User/tambah_map...', Array, true)
#2 C:\xampp\htdocs\buku\app\Controllers\Home.php(104): view('User/tambah_map...')
#3 C:\xampp\htdocs\buku\system\CodeIgniter.php(832): App\Controllers\Home->tambah_mapel()
#4 C:\xampp\htdocs\buku\system\CodeIgniter.php(419): CodeIgniter\CodeIgniter->runController(Object(App\Controllers\Home))
#5 C:\xampp\htdocs\buku\system\CodeIgniter.php(326): CodeIgniter\CodeIgniter->handleRequest(NULL, Object(Config\Cache), false)
#6 C:\xampp\htdocs\buku\public\index.php(37): CodeIgniter\CodeIgniter->run()
#7 C:\xampp\htdocs\buku\system\Commands\Server\rewrite.php(43): require_once('C:\\xampp\\htdocs...')
#8 {main}
CRITICAL - 2023-09-13 20:10:46 --> Invalid file: User/tambah_mapel.php
#0 C:\xampp\htdocs\buku\system\View\View.php(198): CodeIgniter\Exceptions\FrameworkException::forInvalidFile('User/tambah_map...')
#1 C:\xampp\htdocs\buku\system\Common.php(1089): CodeIgniter\View\View->render('User/tambah_map...', Array, true)
#2 C:\xampp\htdocs\buku\app\Controllers\Home.php(104): view('User/tambah_map...')
#3 C:\xampp\htdocs\buku\system\CodeIgniter.php(832): App\Controllers\Home->tambah_mapel()
#4 C:\xampp\htdocs\buku\system\CodeIgniter.php(419): CodeIgniter\CodeIgniter->runController(Object(App\Controllers\Home))
#5 C:\xampp\htdocs\buku\system\CodeIgniter.php(326): CodeIgniter\CodeIgniter->handleRequest(NULL, Object(Config\Cache), false)
#6 C:\xampp\htdocs\buku\public\index.php(37): CodeIgniter\CodeIgniter->run()
#7 C:\xampp\htdocs\buku\system\Commands\Server\rewrite.php(43): require_once('C:\\xampp\\htdocs...')
#8 {main}
CRITICAL - 2023-09-13 20:10:46 --> Invalid file: User/tambah_mapel.php
#0 C:\xampp\htdocs\buku\system\View\View.php(198): CodeIgniter\Exceptions\FrameworkException::forInvalidFile('User/tambah_map...')
#1 C:\xampp\htdocs\buku\system\Common.php(1089): CodeIgniter\View\View->render('User/tambah_map...', Array, true)
#2 C:\xampp\htdocs\buku\app\Controllers\Home.php(104): view('User/tambah_map...')
#3 C:\xampp\htdocs\buku\system\CodeIgniter.php(832): App\Controllers\Home->tambah_mapel()
#4 C:\xampp\htdocs\buku\system\CodeIgniter.php(419): CodeIgniter\CodeIgniter->runController(Object(App\Controllers\Home))
#5 C:\xampp\htdocs\buku\system\CodeIgniter.php(326): CodeIgniter\CodeIgniter->handleRequest(NULL, Object(Config\Cache), false)
#6 C:\xampp\htdocs\buku\public\index.php(37): CodeIgniter\CodeIgniter->run()
#7 C:\xampp\htdocs\buku\system\Commands\Server\rewrite.php(43): require_once('C:\\xampp\\htdocs...')
#8 {main}
CRITICAL - 2023-09-13 20:11:10 --> Invalid argument supplied for foreach()
#0 C:\xampp\htdocs\buku\app\Views\mapel.php(38): CodeIgniter\Debug\Exceptions->errorHandler(2, 'Invalid argumen...', 'C:\\xampp\\htdocs...', 38, Array)
#1 C:\xampp\htdocs\buku\system\View\View.php(210): include('C:\\xampp\\htdocs...')
#2 C:\xampp\htdocs\buku\system\View\View.php(213): CodeIgniter\View\View->CodeIgniter\View\{closure}()
#3 C:\xampp\htdocs\buku\system\Common.php(1089): CodeIgniter\View\View->render('mapel', Array, true)
#4 C:\xampp\htdocs\buku\app\Controllers\Home.php(104): view('mapel')
#5 C:\xampp\htdocs\buku\system\CodeIgniter.php(832): App\Controllers\Home->tambah_mapel()
#6 C:\xampp\htdocs\buku\system\CodeIgniter.php(419): CodeIgniter\CodeIgniter->runController(Object(App\Controllers\Home))
#7 C:\xampp\htdocs\buku\system\CodeIgniter.php(326): CodeIgniter\CodeIgniter->handleRequest(NULL, Object(Config\Cache), false)
#8 C:\xampp\htdocs\buku\public\index.php(37): CodeIgniter\CodeIgniter->run()
#9 C:\xampp\htdocs\buku\system\Commands\Server\rewrite.php(43): require_once('C:\\xampp\\htdocs...')
#10 {main}
CRITICAL - 2023-09-13 20:11:11 --> Invalid argument supplied for foreach()
#0 C:\xampp\htdocs\buku\app\Views\mapel.php(38): CodeIgniter\Debug\Exceptions->errorHandler(2, 'Invalid argumen...', 'C:\\xampp\\htdocs...', 38, Array)
#1 C:\xampp\htdocs\buku\system\View\View.php(210): include('C:\\xampp\\htdocs...')
#2 C:\xampp\htdocs\buku\system\View\View.php(213): CodeIgniter\View\View->CodeIgniter\View\{closure}()
#3 C:\xampp\htdocs\buku\system\Common.php(1089): CodeIgniter\View\View->render('mapel', Array, true)
#4 C:\xampp\htdocs\buku\app\Controllers\Home.php(104): view('mapel')
#5 C:\xampp\htdocs\buku\system\CodeIgniter.php(832): App\Controllers\Home->tambah_mapel()
#6 C:\xampp\htdocs\buku\system\CodeIgniter.php(419): CodeIgniter\CodeIgniter->runController(Object(App\Controllers\Home))
#7 C:\xampp\htdocs\buku\system\CodeIgniter.php(326): CodeIgniter\CodeIgniter->handleRequest(NULL, Object(Config\Cache), false)
#8 C:\xampp\htdocs\buku\public\index.php(37): CodeIgniter\CodeIgniter->run()
#9 C:\xampp\htdocs\buku\system\Commands\Server\rewrite.php(43): require_once('C:\\xampp\\htdocs...')
#10 {main}
CRITICAL - 2023-09-13 20:12:49 --> Invalid argument supplied for foreach()
#0 C:\xampp\htdocs\buku\app\Views\mapel.php(38): CodeIgniter\Debug\Exceptions->errorHandler(2, 'Invalid argumen...', 'C:\\xampp\\htdocs...', 38, Array)
#1 C:\xampp\htdocs\buku\system\View\View.php(210): include('C:\\xampp\\htdocs...')
#2 C:\xampp\htdocs\buku\system\View\View.php(213): CodeIgniter\View\View->CodeIgniter\View\{closure}()
#3 C:\xampp\htdocs\buku\system\Common.php(1089): CodeIgniter\View\View->render('mapel', Array, true)
#4 C:\xampp\htdocs\buku\app\Controllers\Home.php(104): view('mapel')
#5 C:\xampp\htdocs\buku\system\CodeIgniter.php(832): App\Controllers\Home->tambah_mapel()
#6 C:\xampp\htdocs\buku\system\CodeIgniter.php(419): CodeIgniter\CodeIgniter->runController(Object(App\Controllers\Home))
#7 C:\xampp\htdocs\buku\system\CodeIgniter.php(326): CodeIgniter\CodeIgniter->handleRequest(NULL, Object(Config\Cache), false)
#8 C:\xampp\htdocs\buku\public\index.php(37): CodeIgniter\CodeIgniter->run()
#9 C:\xampp\htdocs\buku\system\Commands\Server\rewrite.php(43): require_once('C:\\xampp\\htdocs...')
#10 {main}
CRITICAL - 2023-09-13 20:12:50 --> Invalid argument supplied for foreach()
#0 C:\xampp\htdocs\buku\app\Views\mapel.php(38): CodeIgniter\Debug\Exceptions->errorHandler(2, 'Invalid argumen...', 'C:\\xampp\\htdocs...', 38, Array)
#1 C:\xampp\htdocs\buku\system\View\View.php(210): include('C:\\xampp\\htdocs...')
#2 C:\xampp\htdocs\buku\system\View\View.php(213): CodeIgniter\View\View->CodeIgniter\View\{closure}()
#3 C:\xampp\htdocs\buku\system\Common.php(1089): CodeIgniter\View\View->render('mapel', Array, true)
#4 C:\xampp\htdocs\buku\app\Controllers\Home.php(104): view('mapel')
#5 C:\xampp\htdocs\buku\system\CodeIgniter.php(832): App\Controllers\Home->tambah_mapel()
#6 C:\xampp\htdocs\buku\system\CodeIgniter.php(419): CodeIgniter\CodeIgniter->runController(Object(App\Controllers\Home))
#7 C:\xampp\htdocs\buku\system\CodeIgniter.php(326): CodeIgniter\CodeIgniter->handleRequest(NULL, Object(Config\Cache), false)
#8 C:\xampp\htdocs\buku\public\index.php(37): CodeIgniter\CodeIgniter->run()
#9 C:\xampp\htdocs\buku\system\Commands\Server\rewrite.php(43): require_once('C:\\xampp\\htdocs...')
#10 {main}
CRITICAL - 2023-09-13 20:14:32 --> Invalid argument supplied for foreach()
#0 C:\xampp\htdocs\buku\app\Views\mapel.php(38): CodeIgniter\Debug\Exceptions->errorHandler(2, 'Invalid argumen...', 'C:\\xampp\\htdocs...', 38, Array)
#1 C:\xampp\htdocs\buku\system\View\View.php(210): include('C:\\xampp\\htdocs...')
#2 C:\xampp\htdocs\buku\system\View\View.php(213): CodeIgniter\View\View->CodeIgniter\View\{closure}()
#3 C:\xampp\htdocs\buku\system\Common.php(1089): CodeIgniter\View\View->render('mapel', Array, true)
#4 C:\xampp\htdocs\buku\app\Controllers\Home.php(115): view('mapel')
#5 C:\xampp\htdocs\buku\system\CodeIgniter.php(832): App\Controllers\Home->tambah_mapel()
#6 C:\xampp\htdocs\buku\system\CodeIgniter.php(419): CodeIgniter\CodeIgniter->runController(Object(App\Controllers\Home))
#7 C:\xampp\htdocs\buku\system\CodeIgniter.php(326): CodeIgniter\CodeIgniter->handleRequest(NULL, Object(Config\Cache), false)
#8 C:\xampp\htdocs\buku\public\index.php(37): CodeIgniter\CodeIgniter->run()
#9 C:\xampp\htdocs\buku\system\Commands\Server\rewrite.php(43): require_once('C:\\xampp\\htdocs...')
#10 {main}
CRITICAL - 2023-09-13 20:14:33 --> Invalid argument supplied for foreach()
#0 C:\xampp\htdocs\buku\app\Views\mapel.php(38): CodeIgniter\Debug\Exceptions->errorHandler(2, 'Invalid argumen...', 'C:\\xampp\\htdocs...', 38, Array)
#1 C:\xampp\htdocs\buku\system\View\View.php(210): include('C:\\xampp\\htdocs...')
#2 C:\xampp\htdocs\buku\system\View\View.php(213): CodeIgniter\View\View->CodeIgniter\View\{closure}()
#3 C:\xampp\htdocs\buku\system\Common.php(1089): CodeIgniter\View\View->render('mapel', Array, true)
#4 C:\xampp\htdocs\buku\app\Controllers\Home.php(115): view('mapel')
#5 C:\xampp\htdocs\buku\system\CodeIgniter.php(832): App\Controllers\Home->tambah_mapel()
#6 C:\xampp\htdocs\buku\system\CodeIgniter.php(419): CodeIgniter\CodeIgniter->runController(Object(App\Controllers\Home))
#7 C:\xampp\htdocs\buku\system\CodeIgniter.php(326): CodeIgniter\CodeIgniter->handleRequest(NULL, Object(Config\Cache), false)
#8 C:\xampp\htdocs\buku\public\index.php(37): CodeIgniter\CodeIgniter->run()
#9 C:\xampp\htdocs\buku\system\Commands\Server\rewrite.php(43): require_once('C:\\xampp\\htdocs...')
#10 {main}
CRITICAL - 2023-09-13 20:14:34 --> Invalid argument supplied for foreach()
#0 C:\xampp\htdocs\buku\app\Views\mapel.php(38): CodeIgniter\Debug\Exceptions->errorHandler(2, 'Invalid argumen...', 'C:\\xampp\\htdocs...', 38, Array)
#1 C:\xampp\htdocs\buku\system\View\View.php(210): include('C:\\xampp\\htdocs...')
#2 C:\xampp\htdocs\buku\system\View\View.php(213): CodeIgniter\View\View->CodeIgniter\View\{closure}()
#3 C:\xampp\htdocs\buku\system\Common.php(1089): CodeIgniter\View\View->render('mapel', Array, true)
#4 C:\xampp\htdocs\buku\app\Controllers\Home.php(115): view('mapel')
#5 C:\xampp\htdocs\buku\system\CodeIgniter.php(832): App\Controllers\Home->tambah_mapel()
#6 C:\xampp\htdocs\buku\system\CodeIgniter.php(419): CodeIgniter\CodeIgniter->runController(Object(App\Controllers\Home))
#7 C:\xampp\htdocs\buku\system\CodeIgniter.php(326): CodeIgniter\CodeIgniter->handleRequest(NULL, Object(Config\Cache), false)
#8 C:\xampp\htdocs\buku\public\index.php(37): CodeIgniter\CodeIgniter->run()
#9 C:\xampp\htdocs\buku\system\Commands\Server\rewrite.php(43): require_once('C:\\xampp\\htdocs...')
#10 {main}
CRITICAL - 2023-09-13 20:14:35 --> Invalid argument supplied for foreach()
#0 C:\xampp\htdocs\buku\app\Views\mapel.php(38): CodeIgniter\Debug\Exceptions->errorHandler(2, 'Invalid argumen...', 'C:\\xampp\\htdocs...', 38, Array)
#1 C:\xampp\htdocs\buku\system\View\View.php(210): include('C:\\xampp\\htdocs...')
#2 C:\xampp\htdocs\buku\system\View\View.php(213): CodeIgniter\View\View->CodeIgniter\View\{closure}()
#3 C:\xampp\htdocs\buku\system\Common.php(1089): CodeIgniter\View\View->render('mapel', Array, true)
#4 C:\xampp\htdocs\buku\app\Controllers\Home.php(115): view('mapel')
#5 C:\xampp\htdocs\buku\system\CodeIgniter.php(832): App\Controllers\Home->tambah_mapel()
#6 C:\xampp\htdocs\buku\system\CodeIgniter.php(419): CodeIgniter\CodeIgniter->runController(Object(App\Controllers\Home))
#7 C:\xampp\htdocs\buku\system\CodeIgniter.php(326): CodeIgniter\CodeIgniter->handleRequest(NULL, Object(Config\Cache), false)
#8 C:\xampp\htdocs\buku\public\index.php(37): CodeIgniter\CodeIgniter->run()
#9 C:\xampp\htdocs\buku\system\Commands\Server\rewrite.php(43): require_once('C:\\xampp\\htdocs...')
#10 {main}
CRITICAL - 2023-09-13 20:16:34 --> syntax error, unexpected end of file, expecting function (T_FUNCTION) or const (T_CONST)
#0 C:\xampp\htdocs\buku\system\Router\Router.php(175): CodeIgniter\Router\Router->autoRoute('Home/tambah_map...')
#1 C:\xampp\htdocs\buku\system\CodeIgniter.php(726): CodeIgniter\Router\Router->handle('Home/tambah_map...')
#2 C:\xampp\htdocs\buku\system\CodeIgniter.php(368): CodeIgniter\CodeIgniter->tryToRouteIt(Object(CodeIgniter\Router\RouteCollection))
#3 C:\xampp\htdocs\buku\system\CodeIgniter.php(326): CodeIgniter\CodeIgniter->handleRequest(NULL, Object(Config\Cache), false)
#4 C:\xampp\htdocs\buku\public\index.php(37): CodeIgniter\CodeIgniter->run()
#5 C:\xampp\htdocs\buku\system\Commands\Server\rewrite.php(43): require_once('C:\\xampp\\htdocs...')
#6 {main}
ERROR - 2023-09-13 20:17:19 --> Table 'buku.mapel' doesn't exist
CRITICAL - 2023-09-13 20:17:19 --> Call to a member function getResult() on bool
#0 C:\xampp\htdocs\buku\app\Controllers\Home.php(177): App\Models\M_model->tampil('mapel')
#1 C:\xampp\htdocs\buku\system\CodeIgniter.php(832): App\Controllers\Home->mapel()
#2 C:\xampp\htdocs\buku\system\CodeIgniter.php(419): CodeIgniter\CodeIgniter->runController(Object(App\Controllers\Home))
#3 C:\xampp\htdocs\buku\system\CodeIgniter.php(326): CodeIgniter\CodeIgniter->handleRequest(NULL, Object(Config\Cache), false)
#4 C:\xampp\htdocs\buku\public\index.php(37): CodeIgniter\CodeIgniter->run()
#5 C:\xampp\htdocs\buku\system\Commands\Server\rewrite.php(43): require_once('C:\\xampp\\htdocs...')
#6 {main}
ERROR - 2023-09-13 20:17:49 --> Table 'buku.mapel' doesn't exist
CRITICAL - 2023-09-13 20:17:49 --> Call to a member function getResult() on bool
#0 C:\xampp\htdocs\buku\app\Controllers\Home.php(177): App\Models\M_model->tampil('mapel')
#1 C:\xampp\htdocs\buku\system\CodeIgniter.php(832): App\Controllers\Home->mapel()
#2 C:\xampp\htdocs\buku\system\CodeIgniter.php(419): CodeIgniter\CodeIgniter->runController(Object(App\Controllers\Home))
#3 C:\xampp\htdocs\buku\system\CodeIgniter.php(326): CodeIgniter\CodeIgniter->handleRequest(NULL, Object(Config\Cache), false)
#4 C:\xampp\htdocs\buku\public\index.php(37): CodeIgniter\CodeIgniter->run()
#5 C:\xampp\htdocs\buku\system\Commands\Server\rewrite.php(43): require_once('C:\\xampp\\htdocs...')
#6 {main}
CRITICAL - 2023-09-13 20:58:32 --> Invalid argument supplied for foreach()
#0 C:\xampp\htdocs\buku\app\Views\mapel.php(38): CodeIgniter\Debug\Exceptions->errorHandler(2, 'Invalid argumen...', 'C:\\xampp\\htdocs...', 38, Array)
#1 C:\xampp\htdocs\buku\system\View\View.php(210): include('C:\\xampp\\htdocs...')
#2 C:\xampp\htdocs\buku\system\View\View.php(213): CodeIgniter\View\View->CodeIgniter\View\{closure}()
#3 C:\xampp\htdocs\buku\system\Common.php(1089): CodeIgniter\View\View->render('mapel', Array, true)
#4 C:\xampp\htdocs\buku\app\Controllers\Home.php(103): view('mapel')
#5 C:\xampp\htdocs\buku\system\CodeIgniter.php(832): App\Controllers\Home->mapel()
#6 C:\xampp\htdocs\buku\system\CodeIgniter.php(419): CodeIgniter\CodeIgniter->runController(Object(App\Controllers\Home))
#7 C:\xampp\htdocs\buku\system\CodeIgniter.php(326): CodeIgniter\CodeIgniter->handleRequest(NULL, Object(Config\Cache), false)
#8 C:\xampp\htdocs\buku\public\index.php(37): CodeIgniter\CodeIgniter->run()
#9 C:\xampp\htdocs\buku\system\Commands\Server\rewrite.php(43): require_once('C:\\xampp\\htdocs...')
#10 {main}
CRITICAL - 2023-09-13 20:59:04 --> Invalid argument supplied for foreach()
#0 C:\xampp\htdocs\buku\app\Views\mapel.php(38): CodeIgniter\Debug\Exceptions->errorHandler(2, 'Invalid argumen...', 'C:\\xampp\\htdocs...', 38, Array)
#1 C:\xampp\htdocs\buku\system\View\View.php(210): include('C:\\xampp\\htdocs...')
#2 C:\xampp\htdocs\buku\system\View\View.php(213): CodeIgniter\View\View->CodeIgniter\View\{closure}()
#3 C:\xampp\htdocs\buku\system\Common.php(1089): CodeIgniter\View\View->render('mapel', Array, true)
#4 C:\xampp\htdocs\buku\app\Controllers\Home.php(103): view('mapel')
#5 C:\xampp\htdocs\buku\system\CodeIgniter.php(832): App\Controllers\Home->mapel()
#6 C:\xampp\htdocs\buku\system\CodeIgniter.php(419): CodeIgniter\CodeIgniter->runController(Object(App\Controllers\Home))
#7 C:\xampp\htdocs\buku\system\CodeIgniter.php(326): CodeIgniter\CodeIgniter->handleRequest(NULL, Object(Config\Cache), false)
#8 C:\xampp\htdocs\buku\public\index.php(37): CodeIgniter\CodeIgniter->run()
#9 C:\xampp\htdocs\buku\system\Commands\Server\rewrite.php(43): require_once('C:\\xampp\\htdocs...')
#10 {main}
CRITICAL - 2023-09-13 20:59:35 --> syntax error, unexpected '$model' (T_VARIABLE), expecting function (T_FUNCTION) or const (T_CONST)
#0 C:\xampp\htdocs\buku\system\Router\Router.php(175): CodeIgniter\Router\Router->autoRoute('Home/mapel/')
#1 C:\xampp\htdocs\buku\system\CodeIgniter.php(726): CodeIgniter\Router\Router->handle('Home/mapel/')
#2 C:\xampp\htdocs\buku\system\CodeIgniter.php(368): CodeIgniter\CodeIgniter->tryToRouteIt(Object(CodeIgniter\Router\RouteCollection))
#3 C:\xampp\htdocs\buku\system\CodeIgniter.php(326): CodeIgniter\CodeIgniter->handleRequest(NULL, Object(Config\Cache), false)
#4 C:\xampp\htdocs\buku\public\index.php(37): CodeIgniter\CodeIgniter->run()
#5 C:\xampp\htdocs\buku\system\Commands\Server\rewrite.php(43): require_once('C:\\xampp\\htdocs...')
#6 {main}
CRITICAL - 2023-09-13 21:02:43 --> Invalid file: User/tambah_mapel.php
#0 C:\xampp\htdocs\buku\system\View\View.php(198): CodeIgniter\Exceptions\FrameworkException::forInvalidFile('User/tambah_map...')
#1 C:\xampp\htdocs\buku\system\Common.php(1089): CodeIgniter\View\View->render('User/tambah_map...', Array, true)
#2 C:\xampp\htdocs\buku\app\Controllers\Home.php(116): view('User/tambah_map...')
#3 C:\xampp\htdocs\buku\system\CodeIgniter.php(832): App\Controllers\Home->tambah_mapel()
#4 C:\xampp\htdocs\buku\system\CodeIgniter.php(419): CodeIgniter\CodeIgniter->runController(Object(App\Controllers\Home))
#5 C:\xampp\htdocs\buku\system\CodeIgniter.php(326): CodeIgniter\CodeIgniter->handleRequest(NULL, Object(Config\Cache), false)
#6 C:\xampp\htdocs\buku\public\index.php(37): CodeIgniter\CodeIgniter->run()
#7 C:\xampp\htdocs\buku\system\Commands\Server\rewrite.php(43): require_once('C:\\xampp\\htdocs...')
#8 {main}
