CRITICAL - 2023-10-02 20:42:20 --> syntax error, unexpected '{', expecting '('
#0 C:\xampp\htdocs\parttime\system\Router\Router.php(175): CodeIgniter\Router\Router->autoRoute('Home/dashboard')
#1 C:\xampp\htdocs\parttime\system\CodeIgniter.php(726): CodeIgniter\Router\Router->handle('Home/dashboard')
#2 C:\xampp\htdocs\parttime\system\CodeIgniter.php(368): CodeIgniter\CodeIgniter->tryToRouteIt(Object(CodeIgniter\Router\RouteCollection))
#3 C:\xampp\htdocs\parttime\system\CodeIgniter.php(326): CodeIgniter\CodeIgniter->handleRequest(NULL, Object(Config\Cache), false)
#4 C:\xampp\htdocs\parttime\public\index.php(37): CodeIgniter\CodeIgniter->run()
#5 C:\xampp\htdocs\parttime\system\Commands\Server\rewrite.php(43): require_once('C:\\xampp\\htdocs...')
#6 {main}
CRITICAL - 2023-10-02 20:43:06 --> syntax error, unexpected 'public' (T_PUBLIC), expecting end of file
#0 C:\xampp\htdocs\parttime\system\Router\Router.php(175): CodeIgniter\Router\Router->autoRoute('Home/dashboard')
#1 C:\xampp\htdocs\parttime\system\CodeIgniter.php(726): CodeIgniter\Router\Router->handle('Home/dashboard')
#2 C:\xampp\htdocs\parttime\system\CodeIgniter.php(368): CodeIgniter\CodeIgniter->tryToRouteIt(Object(CodeIgniter\Router\RouteCollection))
#3 C:\xampp\htdocs\parttime\system\CodeIgniter.php(326): CodeIgniter\CodeIgniter->handleRequest(NULL, Object(Config\Cache), false)
#4 C:\xampp\htdocs\parttime\public\index.php(37): CodeIgniter\CodeIgniter->run()
#5 C:\xampp\htdocs\parttime\system\Commands\Server\rewrite.php(43): require_once('C:\\xampp\\htdocs...')
#6 {main}
CRITICAL - 2023-10-02 20:43:40 --> syntax error, unexpected '{', expecting '('
#0 C:\xampp\htdocs\parttime\system\Autoloader\Autoloader.php(241): CodeIgniter\Autoloader\Autoloader->includeFile('C:\\xampp\\htdocs...')
#1 C:\xampp\htdocs\parttime\system\Autoloader\Autoloader.php(219): CodeIgniter\Autoloader\Autoloader->loadInNamespace('App\\Controllers...')
#2 [internal function]: CodeIgniter\Autoloader\Autoloader->loadClass('App\\Controllers...')
#3 [internal function]: spl_autoload_call('App\\Controllers...')
#4 C:\xampp\htdocs\parttime\system\CodeIgniter.php(797): class_exists('\\App\\Controller...', true)
#5 C:\xampp\htdocs\parttime\system\CodeIgniter.php(406): CodeIgniter\CodeIgniter->startController()
#6 C:\xampp\htdocs\parttime\system\CodeIgniter.php(326): CodeIgniter\CodeIgniter->handleRequest(NULL, Object(Config\Cache), false)
#7 C:\xampp\htdocs\parttime\public\index.php(37): CodeIgniter\CodeIgniter->run()
#8 C:\xampp\htdocs\parttime\system\Commands\Server\rewrite.php(43): require_once('C:\\xampp\\htdocs...')
#9 {main}
CRITICAL - 2023-10-02 20:43:47 --> syntax error, unexpected '{', expecting '('
#0 C:\xampp\htdocs\parttime\system\Autoloader\Autoloader.php(241): CodeIgniter\Autoloader\Autoloader->includeFile('C:\\xampp\\htdocs...')
#1 C:\xampp\htdocs\parttime\system\Autoloader\Autoloader.php(219): CodeIgniter\Autoloader\Autoloader->loadInNamespace('App\\Controllers...')
#2 [internal function]: CodeIgniter\Autoloader\Autoloader->loadClass('App\\Controllers...')
#3 [internal function]: spl_autoload_call('App\\Controllers...')
#4 C:\xampp\htdocs\parttime\system\CodeIgniter.php(797): class_exists('\\App\\Controller...', true)
#5 C:\xampp\htdocs\parttime\system\CodeIgniter.php(406): CodeIgniter\CodeIgniter->startController()
#6 C:\xampp\htdocs\parttime\system\CodeIgniter.php(326): CodeIgniter\CodeIgniter->handleRequest(NULL, Object(Config\Cache), false)
#7 C:\xampp\htdocs\parttime\public\index.php(37): CodeIgniter\CodeIgniter->run()
#8 C:\xampp\htdocs\parttime\system\Commands\Server\rewrite.php(43): require_once('C:\\xampp\\htdocs...')
#9 {main}
CRITICAL - 2023-10-02 20:43:48 --> syntax error, unexpected '{', expecting '('
#0 C:\xampp\htdocs\parttime\system\Autoloader\Autoloader.php(241): CodeIgniter\Autoloader\Autoloader->includeFile('C:\\xampp\\htdocs...')
#1 C:\xampp\htdocs\parttime\system\Autoloader\Autoloader.php(219): CodeIgniter\Autoloader\Autoloader->loadInNamespace('App\\Controllers...')
#2 [internal function]: CodeIgniter\Autoloader\Autoloader->loadClass('App\\Controllers...')
#3 [internal function]: spl_autoload_call('App\\Controllers...')
#4 C:\xampp\htdocs\parttime\system\CodeIgniter.php(797): class_exists('\\App\\Controller...', true)
#5 C:\xampp\htdocs\parttime\system\CodeIgniter.php(406): CodeIgniter\CodeIgniter->startController()
#6 C:\xampp\htdocs\parttime\system\CodeIgniter.php(326): CodeIgniter\CodeIgniter->handleRequest(NULL, Object(Config\Cache), false)
#7 C:\xampp\htdocs\parttime\public\index.php(37): CodeIgniter\CodeIgniter->run()
#8 C:\xampp\htdocs\parttime\system\Commands\Server\rewrite.php(43): require_once('C:\\xampp\\htdocs...')
#9 {main}
CRITICAL - 2023-10-02 20:44:20 --> syntax error, unexpected '{'
#0 C:\xampp\htdocs\parttime\system\Autoloader\Autoloader.php(241): CodeIgniter\Autoloader\Autoloader->includeFile('C:\\xampp\\htdocs...')
#1 C:\xampp\htdocs\parttime\system\Autoloader\Autoloader.php(219): CodeIgniter\Autoloader\Autoloader->loadInNamespace('App\\Controllers...')
#2 [internal function]: CodeIgniter\Autoloader\Autoloader->loadClass('App\\Controllers...')
#3 [internal function]: spl_autoload_call('App\\Controllers...')
#4 C:\xampp\htdocs\parttime\system\CodeIgniter.php(797): class_exists('\\App\\Controller...', true)
#5 C:\xampp\htdocs\parttime\system\CodeIgniter.php(406): CodeIgniter\CodeIgniter->startController()
#6 C:\xampp\htdocs\parttime\system\CodeIgniter.php(326): CodeIgniter\CodeIgniter->handleRequest(NULL, Object(Config\Cache), false)
#7 C:\xampp\htdocs\parttime\public\index.php(37): CodeIgniter\CodeIgniter->run()
#8 C:\xampp\htdocs\parttime\system\Commands\Server\rewrite.php(43): require_once('C:\\xampp\\htdocs...')
#9 {main}
CRITICAL - 2023-10-02 20:44:44 --> syntax error, unexpected 'if' (T_IF), expecting ';' or '{'
#0 C:\xampp\htdocs\parttime\system\Autoloader\Autoloader.php(241): CodeIgniter\Autoloader\Autoloader->includeFile('C:\\xampp\\htdocs...')
#1 C:\xampp\htdocs\parttime\system\Autoloader\Autoloader.php(219): CodeIgniter\Autoloader\Autoloader->loadInNamespace('App\\Controllers...')
#2 [internal function]: CodeIgniter\Autoloader\Autoloader->loadClass('App\\Controllers...')
#3 [internal function]: spl_autoload_call('App\\Controllers...')
#4 C:\xampp\htdocs\parttime\system\CodeIgniter.php(797): class_exists('\\App\\Controller...', true)
#5 C:\xampp\htdocs\parttime\system\CodeIgniter.php(406): CodeIgniter\CodeIgniter->startController()
#6 C:\xampp\htdocs\parttime\system\CodeIgniter.php(326): CodeIgniter\CodeIgniter->handleRequest(NULL, Object(Config\Cache), false)
#7 C:\xampp\htdocs\parttime\public\index.php(37): CodeIgniter\CodeIgniter->run()
#8 C:\xampp\htdocs\parttime\system\Commands\Server\rewrite.php(43): require_once('C:\\xampp\\htdocs...')
#9 {main}
CRITICAL - 2023-10-02 20:45:32 --> syntax error, unexpected '{'
#0 C:\xampp\htdocs\parttime\system\Autoloader\Autoloader.php(241): CodeIgniter\Autoloader\Autoloader->includeFile('C:\\xampp\\htdocs...')
#1 C:\xampp\htdocs\parttime\system\Autoloader\Autoloader.php(219): CodeIgniter\Autoloader\Autoloader->loadInNamespace('App\\Controllers...')
#2 [internal function]: CodeIgniter\Autoloader\Autoloader->loadClass('App\\Controllers...')
#3 [internal function]: spl_autoload_call('App\\Controllers...')
#4 C:\xampp\htdocs\parttime\system\CodeIgniter.php(797): class_exists('\\App\\Controller...', true)
#5 C:\xampp\htdocs\parttime\system\CodeIgniter.php(406): CodeIgniter\CodeIgniter->startController()
#6 C:\xampp\htdocs\parttime\system\CodeIgniter.php(326): CodeIgniter\CodeIgniter->handleRequest(NULL, Object(Config\Cache), false)
#7 C:\xampp\htdocs\parttime\public\index.php(37): CodeIgniter\CodeIgniter->run()
#8 C:\xampp\htdocs\parttime\system\Commands\Server\rewrite.php(43): require_once('C:\\xampp\\htdocs...')
#9 {main}
CRITICAL - 2023-10-02 20:46:26 --> syntax error, unexpected 'else' (T_ELSE), expecting function (T_FUNCTION) or const (T_CONST)
#0 C:\xampp\htdocs\parttime\system\Autoloader\Autoloader.php(241): CodeIgniter\Autoloader\Autoloader->includeFile('C:\\xampp\\htdocs...')
#1 C:\xampp\htdocs\parttime\system\Autoloader\Autoloader.php(219): CodeIgniter\Autoloader\Autoloader->loadInNamespace('App\\Controllers...')
#2 [internal function]: CodeIgniter\Autoloader\Autoloader->loadClass('App\\Controllers...')
#3 [internal function]: spl_autoload_call('App\\Controllers...')
#4 C:\xampp\htdocs\parttime\system\CodeIgniter.php(797): class_exists('\\App\\Controller...', true)
#5 C:\xampp\htdocs\parttime\system\CodeIgniter.php(406): CodeIgniter\CodeIgniter->startController()
#6 C:\xampp\htdocs\parttime\system\CodeIgniter.php(326): CodeIgniter\CodeIgniter->handleRequest(NULL, Object(Config\Cache), false)
#7 C:\xampp\htdocs\parttime\public\index.php(37): CodeIgniter\CodeIgniter->run()
#8 C:\xampp\htdocs\parttime\system\Commands\Server\rewrite.php(43): require_once('C:\\xampp\\htdocs...')
#9 {main}
CRITICAL - 2023-10-02 20:46:45 --> syntax error, unexpected 'public' (T_PUBLIC)
#0 C:\xampp\htdocs\parttime\system\Autoloader\Autoloader.php(241): CodeIgniter\Autoloader\Autoloader->includeFile('C:\\xampp\\htdocs...')
#1 C:\xampp\htdocs\parttime\system\Autoloader\Autoloader.php(219): CodeIgniter\Autoloader\Autoloader->loadInNamespace('App\\Controllers...')
#2 [internal function]: CodeIgniter\Autoloader\Autoloader->loadClass('App\\Controllers...')
#3 [internal function]: spl_autoload_call('App\\Controllers...')
#4 C:\xampp\htdocs\parttime\system\CodeIgniter.php(797): class_exists('\\App\\Controller...', true)
#5 C:\xampp\htdocs\parttime\system\CodeIgniter.php(406): CodeIgniter\CodeIgniter->startController()
#6 C:\xampp\htdocs\parttime\system\CodeIgniter.php(326): CodeIgniter\CodeIgniter->handleRequest(NULL, Object(Config\Cache), false)
#7 C:\xampp\htdocs\parttime\public\index.php(37): CodeIgniter\CodeIgniter->run()
#8 C:\xampp\htdocs\parttime\system\Commands\Server\rewrite.php(43): require_once('C:\\xampp\\htdocs...')
#9 {main}
CRITICAL - 2023-10-02 20:46:59 --> syntax error, unexpected 'public' (T_PUBLIC)
#0 C:\xampp\htdocs\parttime\system\Autoloader\Autoloader.php(241): CodeIgniter\Autoloader\Autoloader->includeFile('C:\\xampp\\htdocs...')
#1 C:\xampp\htdocs\parttime\system\Autoloader\Autoloader.php(219): CodeIgniter\Autoloader\Autoloader->loadInNamespace('App\\Controllers...')
#2 [internal function]: CodeIgniter\Autoloader\Autoloader->loadClass('App\\Controllers...')
#3 [internal function]: spl_autoload_call('App\\Controllers...')
#4 C:\xampp\htdocs\parttime\system\CodeIgniter.php(797): class_exists('\\App\\Controller...', true)
#5 C:\xampp\htdocs\parttime\system\CodeIgniter.php(406): CodeIgniter\CodeIgniter->startController()
#6 C:\xampp\htdocs\parttime\system\CodeIgniter.php(326): CodeIgniter\CodeIgniter->handleRequest(NULL, Object(Config\Cache), false)
#7 C:\xampp\htdocs\parttime\public\index.php(37): CodeIgniter\CodeIgniter->run()
#8 C:\xampp\htdocs\parttime\system\Commands\Server\rewrite.php(43): require_once('C:\\xampp\\htdocs...')
#9 {main}
CRITICAL - 2023-10-02 20:47:00 --> syntax error, unexpected 'public' (T_PUBLIC)
#0 C:\xampp\htdocs\parttime\system\Autoloader\Autoloader.php(241): CodeIgniter\Autoloader\Autoloader->includeFile('C:\\xampp\\htdocs...')
#1 C:\xampp\htdocs\parttime\system\Autoloader\Autoloader.php(219): CodeIgniter\Autoloader\Autoloader->loadInNamespace('App\\Controllers...')
#2 [internal function]: CodeIgniter\Autoloader\Autoloader->loadClass('App\\Controllers...')
#3 [internal function]: spl_autoload_call('App\\Controllers...')
#4 C:\xampp\htdocs\parttime\system\CodeIgniter.php(797): class_exists('\\App\\Controller...', true)
#5 C:\xampp\htdocs\parttime\system\CodeIgniter.php(406): CodeIgniter\CodeIgniter->startController()
#6 C:\xampp\htdocs\parttime\system\CodeIgniter.php(326): CodeIgniter\CodeIgniter->handleRequest(NULL, Object(Config\Cache), false)
#7 C:\xampp\htdocs\parttime\public\index.php(37): CodeIgniter\CodeIgniter->run()
#8 C:\xampp\htdocs\parttime\system\Commands\Server\rewrite.php(43): require_once('C:\\xampp\\htdocs...')
#9 {main}
CRITICAL - 2023-10-02 20:47:01 --> syntax error, unexpected 'public' (T_PUBLIC)
#0 C:\xampp\htdocs\parttime\system\Autoloader\Autoloader.php(241): CodeIgniter\Autoloader\Autoloader->includeFile('C:\\xampp\\htdocs...')
#1 C:\xampp\htdocs\parttime\system\Autoloader\Autoloader.php(219): CodeIgniter\Autoloader\Autoloader->loadInNamespace('App\\Controllers...')
#2 [internal function]: CodeIgniter\Autoloader\Autoloader->loadClass('App\\Controllers...')
#3 [internal function]: spl_autoload_call('App\\Controllers...')
#4 C:\xampp\htdocs\parttime\system\CodeIgniter.php(797): class_exists('\\App\\Controller...', true)
#5 C:\xampp\htdocs\parttime\system\CodeIgniter.php(406): CodeIgniter\CodeIgniter->startController()
#6 C:\xampp\htdocs\parttime\system\CodeIgniter.php(326): CodeIgniter\CodeIgniter->handleRequest(NULL, Object(Config\Cache), false)
#7 C:\xampp\htdocs\parttime\public\index.php(37): CodeIgniter\CodeIgniter->run()
#8 C:\xampp\htdocs\parttime\system\Commands\Server\rewrite.php(43): require_once('C:\\xampp\\htdocs...')
#9 {main}
CRITICAL - 2023-10-02 20:48:46 --> Invalid argument supplied for foreach()
#0 C:\xampp\htdocs\parttime\app\Views\jadwal.php(53): CodeIgniter\Debug\Exceptions->errorHandler(2, 'Invalid argumen...', 'C:\\xampp\\htdocs...', 53, Array)
#1 C:\xampp\htdocs\parttime\system\View\View.php(210): include('C:\\xampp\\htdocs...')
#2 C:\xampp\htdocs\parttime\system\View\View.php(213): CodeIgniter\View\View->CodeIgniter\View\{closure}()
#3 C:\xampp\htdocs\parttime\system\Common.php(1089): CodeIgniter\View\View->render('jadwal', Array, true)
#4 C:\xampp\htdocs\parttime\app\Controllers\Home.php(119): view('jadwal')
#5 C:\xampp\htdocs\parttime\system\CodeIgniter.php(832): App\Controllers\Home->jadwal()
#6 C:\xampp\htdocs\parttime\system\CodeIgniter.php(419): CodeIgniter\CodeIgniter->runController(Object(App\Controllers\Home))
#7 C:\xampp\htdocs\parttime\system\CodeIgniter.php(326): CodeIgniter\CodeIgniter->handleRequest(NULL, Object(Config\Cache), false)
#8 C:\xampp\htdocs\parttime\public\index.php(37): CodeIgniter\CodeIgniter->run()
#9 C:\xampp\htdocs\parttime\system\Commands\Server\rewrite.php(43): require_once('C:\\xampp\\htdocs...')
#10 {main}
CRITICAL - 2023-10-02 20:53:33 --> Invalid argument supplied for foreach()
#0 C:\xampp\htdocs\parttime\app\Views\jadwal.php(53): CodeIgniter\Debug\Exceptions->errorHandler(2, 'Invalid argumen...', 'C:\\xampp\\htdocs...', 53, Array)
#1 C:\xampp\htdocs\parttime\system\View\View.php(210): include('C:\\xampp\\htdocs...')
#2 C:\xampp\htdocs\parttime\system\View\View.php(213): CodeIgniter\View\View->CodeIgniter\View\{closure}()
#3 C:\xampp\htdocs\parttime\system\Common.php(1089): CodeIgniter\View\View->render('jadwal', Array, true)
#4 C:\xampp\htdocs\parttime\app\Controllers\Home.php(119): view('jadwal')
#5 C:\xampp\htdocs\parttime\system\CodeIgniter.php(832): App\Controllers\Home->jadwal()
#6 C:\xampp\htdocs\parttime\system\CodeIgniter.php(419): CodeIgniter\CodeIgniter->runController(Object(App\Controllers\Home))
#7 C:\xampp\htdocs\parttime\system\CodeIgniter.php(326): CodeIgniter\CodeIgniter->handleRequest(NULL, Object(Config\Cache), false)
#8 C:\xampp\htdocs\parttime\public\index.php(37): CodeIgniter\CodeIgniter->run()
#9 C:\xampp\htdocs\parttime\system\Commands\Server\rewrite.php(43): require_once('C:\\xampp\\htdocs...')
#10 {main}
CRITICAL - 2023-10-02 20:53:33 --> Invalid argument supplied for foreach()
#0 C:\xampp\htdocs\parttime\app\Views\jadwal.php(53): CodeIgniter\Debug\Exceptions->errorHandler(2, 'Invalid argumen...', 'C:\\xampp\\htdocs...', 53, Array)
#1 C:\xampp\htdocs\parttime\system\View\View.php(210): include('C:\\xampp\\htdocs...')
#2 C:\xampp\htdocs\parttime\system\View\View.php(213): CodeIgniter\View\View->CodeIgniter\View\{closure}()
#3 C:\xampp\htdocs\parttime\system\Common.php(1089): CodeIgniter\View\View->render('jadwal', Array, true)
#4 C:\xampp\htdocs\parttime\app\Controllers\Home.php(119): view('jadwal')
#5 C:\xampp\htdocs\parttime\system\CodeIgniter.php(832): App\Controllers\Home->jadwal()
#6 C:\xampp\htdocs\parttime\system\CodeIgniter.php(419): CodeIgniter\CodeIgniter->runController(Object(App\Controllers\Home))
#7 C:\xampp\htdocs\parttime\system\CodeIgniter.php(326): CodeIgniter\CodeIgniter->handleRequest(NULL, Object(Config\Cache), false)
#8 C:\xampp\htdocs\parttime\public\index.php(37): CodeIgniter\CodeIgniter->run()
#9 C:\xampp\htdocs\parttime\system\Commands\Server\rewrite.php(43): require_once('C:\\xampp\\htdocs...')
#10 {main}
CRITICAL - 2023-10-02 20:53:34 --> Invalid argument supplied for foreach()
#0 C:\xampp\htdocs\parttime\app\Views\jadwal.php(53): CodeIgniter\Debug\Exceptions->errorHandler(2, 'Invalid argumen...', 'C:\\xampp\\htdocs...', 53, Array)
#1 C:\xampp\htdocs\parttime\system\View\View.php(210): include('C:\\xampp\\htdocs...')
#2 C:\xampp\htdocs\parttime\system\View\View.php(213): CodeIgniter\View\View->CodeIgniter\View\{closure}()
#3 C:\xampp\htdocs\parttime\system\Common.php(1089): CodeIgniter\View\View->render('jadwal', Array, true)
#4 C:\xampp\htdocs\parttime\app\Controllers\Home.php(119): view('jadwal')
#5 C:\xampp\htdocs\parttime\system\CodeIgniter.php(832): App\Controllers\Home->jadwal()
#6 C:\xampp\htdocs\parttime\system\CodeIgniter.php(419): CodeIgniter\CodeIgniter->runController(Object(App\Controllers\Home))
#7 C:\xampp\htdocs\parttime\system\CodeIgniter.php(326): CodeIgniter\CodeIgniter->handleRequest(NULL, Object(Config\Cache), false)
#8 C:\xampp\htdocs\parttime\public\index.php(37): CodeIgniter\CodeIgniter->run()
#9 C:\xampp\htdocs\parttime\system\Commands\Server\rewrite.php(43): require_once('C:\\xampp\\htdocs...')
#10 {main}
CRITICAL - 2023-10-02 20:53:34 --> Invalid argument supplied for foreach()
#0 C:\xampp\htdocs\parttime\app\Views\jadwal.php(53): CodeIgniter\Debug\Exceptions->errorHandler(2, 'Invalid argumen...', 'C:\\xampp\\htdocs...', 53, Array)
#1 C:\xampp\htdocs\parttime\system\View\View.php(210): include('C:\\xampp\\htdocs...')
#2 C:\xampp\htdocs\parttime\system\View\View.php(213): CodeIgniter\View\View->CodeIgniter\View\{closure}()
#3 C:\xampp\htdocs\parttime\system\Common.php(1089): CodeIgniter\View\View->render('jadwal', Array, true)
#4 C:\xampp\htdocs\parttime\app\Controllers\Home.php(119): view('jadwal')
#5 C:\xampp\htdocs\parttime\system\CodeIgniter.php(832): App\Controllers\Home->jadwal()
#6 C:\xampp\htdocs\parttime\system\CodeIgniter.php(419): CodeIgniter\CodeIgniter->runController(Object(App\Controllers\Home))
#7 C:\xampp\htdocs\parttime\system\CodeIgniter.php(326): CodeIgniter\CodeIgniter->handleRequest(NULL, Object(Config\Cache), false)
#8 C:\xampp\htdocs\parttime\public\index.php(37): CodeIgniter\CodeIgniter->run()
#9 C:\xampp\htdocs\parttime\system\Commands\Server\rewrite.php(43): require_once('C:\\xampp\\htdocs...')
#10 {main}
CRITICAL - 2023-10-02 20:53:35 --> Invalid argument supplied for foreach()
#0 C:\xampp\htdocs\parttime\app\Views\jadwal.php(53): CodeIgniter\Debug\Exceptions->errorHandler(2, 'Invalid argumen...', 'C:\\xampp\\htdocs...', 53, Array)
#1 C:\xampp\htdocs\parttime\system\View\View.php(210): include('C:\\xampp\\htdocs...')
#2 C:\xampp\htdocs\parttime\system\View\View.php(213): CodeIgniter\View\View->CodeIgniter\View\{closure}()
#3 C:\xampp\htdocs\parttime\system\Common.php(1089): CodeIgniter\View\View->render('jadwal', Array, true)
#4 C:\xampp\htdocs\parttime\app\Controllers\Home.php(119): view('jadwal')
#5 C:\xampp\htdocs\parttime\system\CodeIgniter.php(832): App\Controllers\Home->jadwal()
#6 C:\xampp\htdocs\parttime\system\CodeIgniter.php(419): CodeIgniter\CodeIgniter->runController(Object(App\Controllers\Home))
#7 C:\xampp\htdocs\parttime\system\CodeIgniter.php(326): CodeIgniter\CodeIgniter->handleRequest(NULL, Object(Config\Cache), false)
#8 C:\xampp\htdocs\parttime\public\index.php(37): CodeIgniter\CodeIgniter->run()
#9 C:\xampp\htdocs\parttime\system\Commands\Server\rewrite.php(43): require_once('C:\\xampp\\htdocs...')
#10 {main}
CRITICAL - 2023-10-02 20:53:35 --> Invalid argument supplied for foreach()
#0 C:\xampp\htdocs\parttime\app\Views\jadwal.php(53): CodeIgniter\Debug\Exceptions->errorHandler(2, 'Invalid argumen...', 'C:\\xampp\\htdocs...', 53, Array)
#1 C:\xampp\htdocs\parttime\system\View\View.php(210): include('C:\\xampp\\htdocs...')
#2 C:\xampp\htdocs\parttime\system\View\View.php(213): CodeIgniter\View\View->CodeIgniter\View\{closure}()
#3 C:\xampp\htdocs\parttime\system\Common.php(1089): CodeIgniter\View\View->render('jadwal', Array, true)
#4 C:\xampp\htdocs\parttime\app\Controllers\Home.php(119): view('jadwal')
#5 C:\xampp\htdocs\parttime\system\CodeIgniter.php(832): App\Controllers\Home->jadwal()
#6 C:\xampp\htdocs\parttime\system\CodeIgniter.php(419): CodeIgniter\CodeIgniter->runController(Object(App\Controllers\Home))
#7 C:\xampp\htdocs\parttime\system\CodeIgniter.php(326): CodeIgniter\CodeIgniter->handleRequest(NULL, Object(Config\Cache), false)
#8 C:\xampp\htdocs\parttime\public\index.php(37): CodeIgniter\CodeIgniter->run()
#9 C:\xampp\htdocs\parttime\system\Commands\Server\rewrite.php(43): require_once('C:\\xampp\\htdocs...')
#10 {main}
CRITICAL - 2023-10-02 20:53:35 --> Invalid argument supplied for foreach()
#0 C:\xampp\htdocs\parttime\app\Views\jadwal.php(53): CodeIgniter\Debug\Exceptions->errorHandler(2, 'Invalid argumen...', 'C:\\xampp\\htdocs...', 53, Array)
#1 C:\xampp\htdocs\parttime\system\View\View.php(210): include('C:\\xampp\\htdocs...')
#2 C:\xampp\htdocs\parttime\system\View\View.php(213): CodeIgniter\View\View->CodeIgniter\View\{closure}()
#3 C:\xampp\htdocs\parttime\system\Common.php(1089): CodeIgniter\View\View->render('jadwal', Array, true)
#4 C:\xampp\htdocs\parttime\app\Controllers\Home.php(119): view('jadwal')
#5 C:\xampp\htdocs\parttime\system\CodeIgniter.php(832): App\Controllers\Home->jadwal()
#6 C:\xampp\htdocs\parttime\system\CodeIgniter.php(419): CodeIgniter\CodeIgniter->runController(Object(App\Controllers\Home))
#7 C:\xampp\htdocs\parttime\system\CodeIgniter.php(326): CodeIgniter\CodeIgniter->handleRequest(NULL, Object(Config\Cache), false)
#8 C:\xampp\htdocs\parttime\public\index.php(37): CodeIgniter\CodeIgniter->run()
#9 C:\xampp\htdocs\parttime\system\Commands\Server\rewrite.php(43): require_once('C:\\xampp\\htdocs...')
#10 {main}
CRITICAL - 2023-10-02 20:53:36 --> Invalid argument supplied for foreach()
#0 C:\xampp\htdocs\parttime\app\Views\jadwal.php(53): CodeIgniter\Debug\Exceptions->errorHandler(2, 'Invalid argumen...', 'C:\\xampp\\htdocs...', 53, Array)
#1 C:\xampp\htdocs\parttime\system\View\View.php(210): include('C:\\xampp\\htdocs...')
#2 C:\xampp\htdocs\parttime\system\View\View.php(213): CodeIgniter\View\View->CodeIgniter\View\{closure}()
#3 C:\xampp\htdocs\parttime\system\Common.php(1089): CodeIgniter\View\View->render('jadwal', Array, true)
#4 C:\xampp\htdocs\parttime\app\Controllers\Home.php(119): view('jadwal')
#5 C:\xampp\htdocs\parttime\system\CodeIgniter.php(832): App\Controllers\Home->jadwal()
#6 C:\xampp\htdocs\parttime\system\CodeIgniter.php(419): CodeIgniter\CodeIgniter->runController(Object(App\Controllers\Home))
#7 C:\xampp\htdocs\parttime\system\CodeIgniter.php(326): CodeIgniter\CodeIgniter->handleRequest(NULL, Object(Config\Cache), false)
#8 C:\xampp\htdocs\parttime\public\index.php(37): CodeIgniter\CodeIgniter->run()
#9 C:\xampp\htdocs\parttime\system\Commands\Server\rewrite.php(43): require_once('C:\\xampp\\htdocs...')
#10 {main}
CRITICAL - 2023-10-02 20:53:37 --> Invalid argument supplied for foreach()
#0 C:\xampp\htdocs\parttime\app\Views\jadwal.php(53): CodeIgniter\Debug\Exceptions->errorHandler(2, 'Invalid argumen...', 'C:\\xampp\\htdocs...', 53, Array)
#1 C:\xampp\htdocs\parttime\system\View\View.php(210): include('C:\\xampp\\htdocs...')
#2 C:\xampp\htdocs\parttime\system\View\View.php(213): CodeIgniter\View\View->CodeIgniter\View\{closure}()
#3 C:\xampp\htdocs\parttime\system\Common.php(1089): CodeIgniter\View\View->render('jadwal', Array, true)
#4 C:\xampp\htdocs\parttime\app\Controllers\Home.php(119): view('jadwal')
#5 C:\xampp\htdocs\parttime\system\CodeIgniter.php(832): App\Controllers\Home->jadwal()
#6 C:\xampp\htdocs\parttime\system\CodeIgniter.php(419): CodeIgniter\CodeIgniter->runController(Object(App\Controllers\Home))
#7 C:\xampp\htdocs\parttime\system\CodeIgniter.php(326): CodeIgniter\CodeIgniter->handleRequest(NULL, Object(Config\Cache), false)
#8 C:\xampp\htdocs\parttime\public\index.php(37): CodeIgniter\CodeIgniter->run()
#9 C:\xampp\htdocs\parttime\system\Commands\Server\rewrite.php(43): require_once('C:\\xampp\\htdocs...')
#10 {main}
CRITICAL - 2023-10-02 20:53:38 --> Invalid argument supplied for foreach()
#0 C:\xampp\htdocs\parttime\app\Views\jadwal.php(53): CodeIgniter\Debug\Exceptions->errorHandler(2, 'Invalid argumen...', 'C:\\xampp\\htdocs...', 53, Array)
#1 C:\xampp\htdocs\parttime\system\View\View.php(210): include('C:\\xampp\\htdocs...')
#2 C:\xampp\htdocs\parttime\system\View\View.php(213): CodeIgniter\View\View->CodeIgniter\View\{closure}()
#3 C:\xampp\htdocs\parttime\system\Common.php(1089): CodeIgniter\View\View->render('jadwal', Array, true)
#4 C:\xampp\htdocs\parttime\app\Controllers\Home.php(119): view('jadwal')
#5 C:\xampp\htdocs\parttime\system\CodeIgniter.php(832): App\Controllers\Home->jadwal()
#6 C:\xampp\htdocs\parttime\system\CodeIgniter.php(419): CodeIgniter\CodeIgniter->runController(Object(App\Controllers\Home))
#7 C:\xampp\htdocs\parttime\system\CodeIgniter.php(326): CodeIgniter\CodeIgniter->handleRequest(NULL, Object(Config\Cache), false)
#8 C:\xampp\htdocs\parttime\public\index.php(37): CodeIgniter\CodeIgniter->run()
#9 C:\xampp\htdocs\parttime\system\Commands\Server\rewrite.php(43): require_once('C:\\xampp\\htdocs...')
#10 {main}
CRITICAL - 2023-10-02 20:53:41 --> Invalid argument supplied for foreach()
#0 C:\xampp\htdocs\parttime\app\Views\jadwal.php(53): CodeIgniter\Debug\Exceptions->errorHandler(2, 'Invalid argumen...', 'C:\\xampp\\htdocs...', 53, Array)
#1 C:\xampp\htdocs\parttime\system\View\View.php(210): include('C:\\xampp\\htdocs...')
#2 C:\xampp\htdocs\parttime\system\View\View.php(213): CodeIgniter\View\View->CodeIgniter\View\{closure}()
#3 C:\xampp\htdocs\parttime\system\Common.php(1089): CodeIgniter\View\View->render('jadwal', Array, true)
#4 C:\xampp\htdocs\parttime\app\Controllers\Home.php(119): view('jadwal')
#5 C:\xampp\htdocs\parttime\system\CodeIgniter.php(832): App\Controllers\Home->jadwal()
#6 C:\xampp\htdocs\parttime\system\CodeIgniter.php(419): CodeIgniter\CodeIgniter->runController(Object(App\Controllers\Home))
#7 C:\xampp\htdocs\parttime\system\CodeIgniter.php(326): CodeIgniter\CodeIgniter->handleRequest(NULL, Object(Config\Cache), false)
#8 C:\xampp\htdocs\parttime\public\index.php(37): CodeIgniter\CodeIgniter->run()
#9 C:\xampp\htdocs\parttime\system\Commands\Server\rewrite.php(43): require_once('C:\\xampp\\htdocs...')
#10 {main}
CRITICAL - 2023-10-02 20:53:42 --> Invalid argument supplied for foreach()
#0 C:\xampp\htdocs\parttime\app\Views\jadwal.php(53): CodeIgniter\Debug\Exceptions->errorHandler(2, 'Invalid argumen...', 'C:\\xampp\\htdocs...', 53, Array)
#1 C:\xampp\htdocs\parttime\system\View\View.php(210): include('C:\\xampp\\htdocs...')
#2 C:\xampp\htdocs\parttime\system\View\View.php(213): CodeIgniter\View\View->CodeIgniter\View\{closure}()
#3 C:\xampp\htdocs\parttime\system\Common.php(1089): CodeIgniter\View\View->render('jadwal', Array, true)
#4 C:\xampp\htdocs\parttime\app\Controllers\Home.php(119): view('jadwal')
#5 C:\xampp\htdocs\parttime\system\CodeIgniter.php(832): App\Controllers\Home->jadwal()
#6 C:\xampp\htdocs\parttime\system\CodeIgniter.php(419): CodeIgniter\CodeIgniter->runController(Object(App\Controllers\Home))
#7 C:\xampp\htdocs\parttime\system\CodeIgniter.php(326): CodeIgniter\CodeIgniter->handleRequest(NULL, Object(Config\Cache), false)
#8 C:\xampp\htdocs\parttime\public\index.php(37): CodeIgniter\CodeIgniter->run()
#9 C:\xampp\htdocs\parttime\system\Commands\Server\rewrite.php(43): require_once('C:\\xampp\\htdocs...')
#10 {main}
CRITICAL - 2023-10-02 20:53:43 --> Invalid argument supplied for foreach()
#0 C:\xampp\htdocs\parttime\app\Views\jadwal.php(53): CodeIgniter\Debug\Exceptions->errorHandler(2, 'Invalid argumen...', 'C:\\xampp\\htdocs...', 53, Array)
#1 C:\xampp\htdocs\parttime\system\View\View.php(210): include('C:\\xampp\\htdocs...')
#2 C:\xampp\htdocs\parttime\system\View\View.php(213): CodeIgniter\View\View->CodeIgniter\View\{closure}()
#3 C:\xampp\htdocs\parttime\system\Common.php(1089): CodeIgniter\View\View->render('jadwal', Array, true)
#4 C:\xampp\htdocs\parttime\app\Controllers\Home.php(119): view('jadwal')
#5 C:\xampp\htdocs\parttime\system\CodeIgniter.php(832): App\Controllers\Home->jadwal()
#6 C:\xampp\htdocs\parttime\system\CodeIgniter.php(419): CodeIgniter\CodeIgniter->runController(Object(App\Controllers\Home))
#7 C:\xampp\htdocs\parttime\system\CodeIgniter.php(326): CodeIgniter\CodeIgniter->handleRequest(NULL, Object(Config\Cache), false)
#8 C:\xampp\htdocs\parttime\public\index.php(37): CodeIgniter\CodeIgniter->run()
#9 C:\xampp\htdocs\parttime\system\Commands\Server\rewrite.php(43): require_once('C:\\xampp\\htdocs...')
#10 {main}
CRITICAL - 2023-10-02 20:53:43 --> Invalid argument supplied for foreach()
#0 C:\xampp\htdocs\parttime\app\Views\jadwal.php(53): CodeIgniter\Debug\Exceptions->errorHandler(2, 'Invalid argumen...', 'C:\\xampp\\htdocs...', 53, Array)
#1 C:\xampp\htdocs\parttime\system\View\View.php(210): include('C:\\xampp\\htdocs...')
#2 C:\xampp\htdocs\parttime\system\View\View.php(213): CodeIgniter\View\View->CodeIgniter\View\{closure}()
#3 C:\xampp\htdocs\parttime\system\Common.php(1089): CodeIgniter\View\View->render('jadwal', Array, true)
#4 C:\xampp\htdocs\parttime\app\Controllers\Home.php(119): view('jadwal')
#5 C:\xampp\htdocs\parttime\system\CodeIgniter.php(832): App\Controllers\Home->jadwal()
#6 C:\xampp\htdocs\parttime\system\CodeIgniter.php(419): CodeIgniter\CodeIgniter->runController(Object(App\Controllers\Home))
#7 C:\xampp\htdocs\parttime\system\CodeIgniter.php(326): CodeIgniter\CodeIgniter->handleRequest(NULL, Object(Config\Cache), false)
#8 C:\xampp\htdocs\parttime\public\index.php(37): CodeIgniter\CodeIgniter->run()
#9 C:\xampp\htdocs\parttime\system\Commands\Server\rewrite.php(43): require_once('C:\\xampp\\htdocs...')
#10 {main}
CRITICAL - 2023-10-02 21:23:09 --> Invalid argument supplied for foreach()
#0 C:\xampp\htdocs\parttime\app\Views\jadwal.php(53): CodeIgniter\Debug\Exceptions->errorHandler(2, 'Invalid argumen...', 'C:\\xampp\\htdocs...', 53, Array)
#1 C:\xampp\htdocs\parttime\system\View\View.php(210): include('C:\\xampp\\htdocs...')
#2 C:\xampp\htdocs\parttime\system\View\View.php(213): CodeIgniter\View\View->CodeIgniter\View\{closure}()
#3 C:\xampp\htdocs\parttime\system\Common.php(1089): CodeIgniter\View\View->render('jadwal', Array, true)
#4 C:\xampp\htdocs\parttime\app\Controllers\Home.php(119): view('jadwal')
#5 C:\xampp\htdocs\parttime\system\CodeIgniter.php(832): App\Controllers\Home->jadwal()
#6 C:\xampp\htdocs\parttime\system\CodeIgniter.php(419): CodeIgniter\CodeIgniter->runController(Object(App\Controllers\Home))
#7 C:\xampp\htdocs\parttime\system\CodeIgniter.php(326): CodeIgniter\CodeIgniter->handleRequest(NULL, Object(Config\Cache), false)
#8 C:\xampp\htdocs\parttime\public\index.php(37): CodeIgniter\CodeIgniter->run()
#9 C:\xampp\htdocs\parttime\system\Commands\Server\rewrite.php(43): require_once('C:\\xampp\\htdocs...')
#10 {main}
CRITICAL - 2023-10-02 21:38:46 --> Invalid argument supplied for foreach()
#0 C:\xampp\htdocs\parttime\app\Views\jadwal.php(53): CodeIgniter\Debug\Exceptions->errorHandler(2, 'Invalid argumen...', 'C:\\xampp\\htdocs...', 53, Array)
#1 C:\xampp\htdocs\parttime\system\View\View.php(210): include('C:\\xampp\\htdocs...')
#2 C:\xampp\htdocs\parttime\system\View\View.php(213): CodeIgniter\View\View->CodeIgniter\View\{closure}()
#3 C:\xampp\htdocs\parttime\system\Common.php(1089): CodeIgniter\View\View->render('jadwal', Array, true)
#4 C:\xampp\htdocs\parttime\app\Controllers\Home.php(119): view('jadwal')
#5 C:\xampp\htdocs\parttime\system\CodeIgniter.php(832): App\Controllers\Home->jadwal()
#6 C:\xampp\htdocs\parttime\system\CodeIgniter.php(419): CodeIgniter\CodeIgniter->runController(Object(App\Controllers\Home))
#7 C:\xampp\htdocs\parttime\system\CodeIgniter.php(326): CodeIgniter\CodeIgniter->handleRequest(NULL, Object(Config\Cache), false)
#8 C:\xampp\htdocs\parttime\public\index.php(37): CodeIgniter\CodeIgniter->run()
#9 C:\xampp\htdocs\parttime\system\Commands\Server\rewrite.php(43): require_once('C:\\xampp\\htdocs...')
#10 {main}
